0
0
0
0
0
0
0
0
0
8473
0
0
0
0
0
8473
0
0
0
0
0
0
0
0
0
0
0
0
8473
0
0
4122
0
9773
0
5469
0
0
9298
0
0
0
21177
1030
5619
9298
14513
10749
0
0
0
17829
0
9298
0
0
11879
11525
15706
23385
0
5455
0
7262
0
0
0
0
0
21397
64911
5323
0
3658
11459
53048
0
3659
0
0
0
3498
15273
20202
30172
2346
3659
10825
122212
18390
32686
82870
14673
0
0
4122
8473
7240
0
19941
34706
22861
0
63120
0
94243
59451
28489
13653
0
16370
0
6506
5983
0
5455
1030
4122
0
88497
0
1011
49560
0
70434
6175
60491
0
8461
0
17075
0
0
9328
91339
150243
8258
91731
8297
0
0
7126
12136
359513
0
18810
6506
44014
253335
104625
68498
0
0
37524
0
41967
35295
0
0
60698
13638
32184
0
14726
16012
102334
40281
26495
3675
26302
29208
0
165314
0
83755
8473
122662
20571
847
176253
40689
32286
150469
52177
0
163128
46793
0
0
2882
56610
0
0
54069
33944
0
113637
5034
0
0
0
0
14442
7304
7269
0
157753
8711
0
21978
23800
5108
18110
5559
0
60019
19010
16069
55807
0
25523
0
95848
18029
11480
49782
20416
35672
53804
353956
21872
71999
81744
17236
331724
0
6100
23019
0
174190
61266
0
85302
68171
124910
31993
25499
146841
25435
272463
121686
30385
56938
522937
7473
35667
4501
232144
0
18049
120212
217604
40203
11017
3438
0
177143
21410
79503
22334
69993
16241
204
0
41905
285790
32261
27214
0
340126
14887
9627
0
0
82717
33431
0
17371
103083
355516
108714
13700
106814
178491
300815
34455
102665
15489
85487
154730
7758
249873
10949
15132
20382
14168
47256
88505
0
42550
9969
129535
147783
96134
147242
0
45380
8868
44886
56037
21714
307308
173790
62475
3761
167231
0
0
51885
3052
13631
34493
226568
76412
28626
45655
43101
119445
145373
847
0
27207
49223
9767
255838
0
47974
67143
0
87607
39006
31539
17797
9611
60579
17422
73440
9969
6486
55957
421687
543744
17236
166471
0
149782
48516
12622
98231
26867
26886
5983
0
66353
339112
129972
47543
67418
129492
86429
111962
37941
103058
969
65409
52520
948
47296
16657
47678
14715
0
22630
14342
6242
68111
3015
11120
10223
14524
115343
89037
0
0
9695
27228
322825
81409
9926
97868
281059
49699
0
180078
105290
8439
590795
0
47541
88644
9364
19357
110558
25868
51869
44281
0
5887
66990
1280708
289138
225377
388491
35386
761
14858
282678
85308
66047
474094
213184
18883
0
747514
11871
1804630
38655
0
1289250
0
9546
29894
0
59600
0
929311
19418
3165
334836
144803
58683
52601
235051
186710
157312
490
6242
187046
78235
267606
169042
104735
157634
113545
8789
50045
245624
76472
2553
111851
13218
12389
52443
298605
0
150830
74978
5255
302773
47618
479310
25380
60934
133269
264756
73439
239340
36213
157378
32713
553785
508454
0
120491
0
815998
76834
85142
54745
366177
0
109493
0
0
276884
127895
505308
90693
0
413125
151143
23997
0
32968
4683
893581
406237
3791
44372
15676
152887
0
862393
101768
147894
252842
544467
147036
246137
35510
706627
7126
556620
32781
785177
124598
14137
29218
0
26082
30846
9182
273692
0
120331
556628
1281
254557
189373
40728
277518
14051
600435
86809
0
373504
293460
27045
8390
0
36567
155806
418278
542535
0
25499
369413
100664
0
245300
342941
5206
408122
19552
24749
0
95493
174359
495201
391604
996200
326891
99501
7888
4879
42107
97175
257200
390896
0
21218
0
82553
4683
140236
120679
8287
45804
5455
145409
349725
120737
292270
36431
181045
288194
93897
380849
64640
22919
80344
24088
75398
247485
16678
434687
6440
72152
274505
210271
68297
419472
4683
12441
558632
0
323150
53286
1134913
1033909
144751
11337
83097
210372
514131
15221
0
66256
11061
10324
132450
632422
10997
210403
335357
9400
48013
24030
144642
224942
51250
90930
0
63608
0
87232
23358
131024
18688
283299
7282
363570
92396
50332
0
26611
1473542
22416
44409
9989
13395
786
224629
25806
62417
307527
251893
0
127792
435081
0
41854
77059
147462
80437
11238
37158
261665
0
0
467842
0
195827
7272
208970
393614
23496
0
102781
0
56322
500536
126255
13120
142013
99770
870881
72868
72890
134974
262357
271250
289635
0
94086
77614
12615
47480
357516
171518
987800
33884
0
251434
1542507
75079
145140
103105
32957
115511
81963
422510
163299
162989
96452
28837
67329
231543
690757
362869
743153
0
124717
190279
87132
609272
206203
32604
1041308
1651965
819348
0
56536
7091
441496
59420
97908
80433
9901
456256
8287
335593
40275
132576
16272
86495
113480
1522569
50477
0
25153
75234
33195
0
94119
2154
7670
151798
1194117
12940
84281
317240
1080767
130584
341429
873892
24134
30162
57488
54377
19825
1400341
30970
153997
314322
8708
435314
259823
405820
183824
276620
240653
70010
41806
62951
633907
388895
955757
9843
0
833089
34858
118158
24040
289888
290666
153351
17689
129345
477965
456564
0
244013
724940
159427
9575
867255
379617
0
486192
339470
390609
161396
27341
71679
128159
865928
590156
212851
3958
224525
437216
72728
5428
0
147135
1142928
2871466
584955
75004
29982
64519
40815
1410430
548022
250225
0
0
550997
97004
502936
133970
903286
131325
79208
775545
3557
0
632888
236776
267645
385346
36621
573679
89657
575413
1702069
162045
40804
548040
0
18322
72520
2003303
196728
889146
91780
14219
770057
1453258
65120
40966
246136
2043320
212954
7853
318502
59073
869097
220579
332950
0
0
85726
590071
194389
341546
3237
94569
154720
137753
40988
3403
56842
363358
42736
138301
297633
382332
401712
0
223315
232412
293090
125047
623441
33980
36418
714514
240381
405310
126471
32670
291541
352977
559534
14304
841969
41127
1479
113657
60092
124826
16485
394253
149472
979194
188235
0
51053
7269
25322
15942
13650
92296
17826
0
88227
606480
44913
39560
30916
45564
941645
10395
258296
154048
299861
171630
68744
126905
8881
222446
355743
144165
509890
63647
590955
13989
219010
0
17907
68406
664154
1111922
8878
220922
35205
17568
3659
694072
44876
55040
85515
0
858536
7415
142830
106175
33231
53899
313954
8227
2426346
211142
945673
665444
233413
0
254867
392212
248392
17835
1644356
118128
20774
555596
13683
46727
67342
26584
797385
6419
14018
141832
585119
15902
9114
387677
13350
176140
605503
1064
731513
587103
0
0
475769
249135
9362
7126
1238492
116763
0
1341211
90845
455815
218581
376165
2454011
992340
1030229
419407
720411
1737611
1830963
622880
276540
1215718
883736
73049
19946
349635
1588620
138517
9796
396517
205581
212839
127686
273601
206253
285576
387373
3046
471787
340588
152575
6816
625049
537325
924695
616762
0
295843
1500989
7143
388216
675579
23471
187366
0
259453
56203
4186
9764
284062
6955
23165
134989
8260
475553
73633
462121
820711
48312
0
0
240250
668470
0
2657916
267389
123674
219266
315147
1156201
561452
26308
10133
235169
12272
20088
59302
88415
75590
104089
1071561
692778
106696
24760
760812
1210995
495
19779
0
398318
161331
30176
50872
75320
12915
438286
245726
652024
0
769534
62404
954231
278321
70038
157020
268606
87249
126242
246783
136359
1050577
1610341
4021
88733
12869
19730
0
401158
693284
791408
46351
4177283
175873
53367
1140737
341514
78583
1662610
184023
896080
567263
75510
827046
472241
2290242
42861
178657
271646
53256
3494
359626
417717
1569403
74369
21330
12087
1014642
79431
1488
54969
1631569
337593
150804
201520
206694
209528
24995
985282
814238
2524198
700974
82482
0
398207
880287
0
565325
1724731
665439
0
0
456191
118898
171772
19931
177566
62835
281938
4440
62209
13753
190153
3761
431731
889247
0
21008
6234
464049
163441
932172
0
74547
2363024
383233
61519
471304
144810
17617
718107
797104
0
127103
885816
454763
110208
10175
1516027
466992
531596
364509
29237
1713395
294654
0
162018
43439
15276
1129701
372841
1702935
46753
263446
1120830
90153
96377
83345
956570
49426
35075
180409
7269
349524
80051
685637
65315
1723932
451254
22787
1431890
229859
33470
65672
8743
1348674
26633
56923
910138
203227
1735607
323591
85713
137375
1045113
835791
18413
125576
337443
213706
46413
0
0
0
267662
26624
84363
7071
1185027
3025
543059
427384
926933
2198898
884762
993224
1866920
238239
47704
9730
3968880
28615
70154
2916713
863164
18769
393023
1483838
84496
246684
167193
456796
52145
0
0
612325
39849
1291773
311047
637290
145494
45199
264105
27435
501062
118534
139867
116163
359337
2520929
1738089
537491
390664
101325
728311
377501
41067
102121
504627
1486577
22782
9402
2400970
612208
118613
11530
463031
86740
577925
285572
72750
302090
238686
6498
225364
947828
60702
1371611
22392
8461
1125330
150163
77313
44302
317548
1802106
83743
0
24122
186846
275366
108628
149523
26385
562489
2461209
564372
1934415
177702
28817
49031
23208
157925
31632
171127
65068
293483
2752196
59326
360573
306487
1439447
441472
92333
551582
649542
90508
228879
61539
64838
0
143307
478767
1760825
170073
763605
995050
1338381
2869045
123965
1738229
284424
74591
248086
153771
264898
935320
66152
0
1152176
797860
349273
441819
71581
49819
55137
2121885
101918
535430
4930
63896
13152
1443894
58521
49623
505847
250849
440824
3982320
37379
284283
601907
170762
1191222
1221578
133104
37070
2319335
197251
46740
692797
174542
51302
70390
1379082
455816
56097
690995
424212
124183
198850
39737
342961
135455
76282
0
0
1250618
121726
319167
51041
124179
152571
155695
257931
0
466224
1245719
3237
631114
18496
181224
122700
251131
142658
65840
470608
9302
203255
73398
47004
817045
61110
237088
224907
290334
62517
101233
57115
14904
749150
944073
243212
313354
5776280
149156
846157
13578
10600
99203
75437
6163
977871
89842
489437
2869758
78026
104540
1101372
40295
4981938
2372358
29173
152006
50962
40471
2074
22750
0
1773253
1087673
215880
0
304116
566607
4146726
131960
857884
146180
44447
734849
425733
29192
194167
2308313
283613
193015
52788
95892
0
40853
4943
109102
14798
246061
487961
428721
317562
196560
936344
409482
140731
201683
3209830
283903
835769
0
308280
93439
593939
46937
416225
129535
291536
123149
1390798
8613
2393309
102022
134559
451213
81525
308963
0
0
117579
104995
407893
0
38386
1041501
212381
41420
18248
6636
658642
20097
56194
219017
32991
3876242
90354
1577896
1102770
786271
1778179
4964751
412937
1816172
1154059
376540
35043
104265
692575
28835
0
648255
1560734
144183
170483
1277099
1869261
30470
205720
316265
9397
0
1605254
34182
87864
0
2561384
2805205
357579
778470
1006129
2075466
216074
552685
1096341
13311
3778542
377938
146786
337389
1007
61147
367063
1281882
206034
338777
346641
0
279319
113226
1246960
165288
0
947902
161182
0
77820
3972901
72728
0
80105
419027
70009
3080204
1432918
0
174610
2825527
0
1686529
0
815518
0
369982
47864
0
92910
2029967
63354
17840
2431005
49654
403174
338756
953462
172114
255404
2909124
18974
51896
1974727
4101442
0
0
28301
66027
533521
376912
1553105
98309
360474
1450182
1341252
617297
85578
24768
2900560
5713
1807030
456437
579504
405721
100293
650808
1231
477494
968444
914828
2839
18525
47941
20298
725567
214413
31922
319903
55446
704506
32448
558546
22065
727503
1900369
641367
476862
0
151755
465798
2381700
411247
35487
36538
38770
154976
236153
1746614
11244
455788
1165626
1047965
108796
45359
165583
104942
29612
20240
26093
310406
182899
47243
132926
3409410
2769015
26854
205559
365309
50055
210452
1810018
964744
1040849
1923721
22536
1971484
504740
67583
864215
96442
0
1711613
553457
1170694
1975278
617865
210055
30856
96952
1278304
36563
346159
1035166
237605
544340
120389
565450
8743
388629
163209
152109
4632601
644520
102047
2984627
3015
2197536
937773
107987
1080886
2111761
50882
0
494750
84258
1164871
353317
1151050
816283
797110
153571
45526
148312
416596
108092
140643
840856
2266537
591091
35561
211842
4637
561541
18829
989071
526132
163458
3022841
9401
0
459908
325989
14665
64362
1931904
443365
540561
134660
623876
0
1306285
569260
1087033
735865
1229318
3111233
204812
18450
36602
667670
222071
356675
34865
1482
1265430
625018
83378
329229
55839
615183
5380
1860396
486159
481601
917212
153425
174735
1214545
300774
4265958
2210057
4809414
1352467
38188
7670
942555
1214656
18616
605041
501917
479051
720969
239195
313681
204720
3750881
167407
559941
426048
79792
0
8731
95263
149049
0
5015
9191
511614
1442264
836664
1178607
0
327508
1035215
660098
81641
2004028
0
87225
5876171
497635
2585695
479793
2884584
536262
126144
230356
14197
14855
240458
207299
526199
0
349066
38310
62984
398617
5210400
2015926
50715
6300700
717464
164886
56508
393841
1736858
1090476
619477
3874711
2182266
328413
11314
1754153
1393292
372258
53664
153803
16976
1318885
175305
64448
0
43660
458637
870409
205883
327851
1210983
44661
2144581
6717
8851
2112182
1666103
7851
1862110
23210
1930628
1873986
69944
0
0
16488
1164158
484864
348054
0
43857
42339
758519
3966647
114672
2424601
2769527
790409
1550008
348528
1987177
526752
634175
0
1066230
197388
25279
42682
1227575
72299
98216
65726
1421644
1287470
397189
470551
16211
390823
590043
210178
411153
12097
1578279
31664
4320
817882
1441801
1147939
78561
147904
44726
3235536
1648023
1044333
221355
2407033
1386195
288685
78259
3294465
81307
394998
36653
448054
481521
4291085
62118
228013
340337
537033
231322
37818
13197
431781
273401
179721
2462676
990443
32423
3193
825564
43648
104592
192709
117821
190687
143142
2818136
20567
2210812
1968054
94149
62000
676418
963627
641145
9964
4785134
419867
23302
958205
247713
1590
444977
15488
0
37213
215717
238817
623099
320773
1818939
83369
64545
748660
59843
46217
1176327
793900
8789
1410922
67803
107206
0
341832
943839
47729
497145
265654
150803
1707342
908097
3608711
183011
39136
459693
628
32179
1194672
129617
4122313
669164
94352
260660
29726
216619
462350
703431
15550
19335
992259
4918521
493391
21570
1948801
89079
1198275
765310
209646
1389092
139334
732992
147299
6617
104076
8700
165243
5193535
301971
442273
1825111
31352
534158
385623
902326
60069
14209
334445
205238
191472
41008
403082
1847826
50871
88468
247747
1789811
98630
479941
560674
1773551
1859706
510233
2204008
246849
453616
780469
0
291941
95925
1027840
600579
77637
750383
186059
308888
2423973
2288975
56293
3836896
124888
449946
906691
12646
87276
34656
4472
6046
318763
924708
57970
48795
125387
1615406
224548
2416
391878
247570
33276
1382773
385329
7448143
169858
622084
70133
222850
0
429339
0
1628659
167067
544969
2214572
170529
203224
943335
1421685
422158
1251037
202422
87412
149071
414727
0
624883
143753
80869
186881
828020
24422
0
40026
5308184
44581
429140
532462
692731
10919
2127406
43571
24724
1275092
106093
1822480
7526
2373032
2731485
130749
156718
944457
50815
15424
531832
412886
1427339
1328570
81832
1324162
5019159
127221
273783
256227
580969
1070492
4064
2495948
20251
2053762
68095
1492382
11615
328675
42921
2564505
269988
118320
392410
17336
2204771
134680
271054
602258
1612606
326408
358
315657
32684
1328123
4124126
50643
247413
5387088
926
52460
264969
230247
56159
184080
487171
264264
382994
38322
17806
110654
822458
625715
27092
1053443
2269752
30992
2158628
30971
1022967
0
414909
17173
145663
573584
3587768
3556
716714
940694
9596
309852
2250192
1701091
4886
1123489
2727534
240378
3329285
380820
0
597065
192406
2585626
1227028
87379
3421049
1443234
53830
1956960
544879
2618129
48334
63892
388893
1960998
685844
65740
3570568
27847
181914
288630
213321
578268
318051
1850212
284985
270170
669198
2191982
113530
529684
30423
1078159
982472
2347581
2171329
119069
28577
54004
161534
0
10281
578583
184683
0
0
3800379
45924
9563
23882
154573
1534740
904118
0
0
176250
92412
23413
395079
28960
28387
191112
3553991
2989141
2967851
515799
78929
2151164
2696036
0
541129
15817
35293
85578
1876028
190490
3909
3241573
256126
1424661
83739
0
1452509
1164908
276134
206592
91053
1693734
6300407
1311680
17000
134961
112767
494641
12093
1030
147646
4826959
4186
1347109
3206448
148441
226567
45203
1502485
33293
182697
142955
405449
12018
339697
7766
254578
35184
1262973
93000
8868
589743
358942
0
245640
225142
361265
33486
830031
235951
51488
268128
850870
84827
1264907
2199591
1731674
4529757
290498
354237
1111455
376417
419573
292794
885424
94142
464993
43574
996894
846442
1615
35363
1702732
1742297
0
0
941364
66487
234264
178452
154441
1246007
124997
4134214
400792
183716
388032
909365
250923
36408
47606
331326
242885
13898
76173
175283
1969399
17832
253595
1295585
799249
368913
11389
129339
156824
1608112
1775314
261506
201953
443281
497875
221447
428647
215370
54384
982473
1096527
496916
410154
359056
2219888
107044
228904
1073626
541918
5334448
115603
33882
0
8648
5558331
102419
2099163
688233
4125464
6397153
114496
180792
190781
644390
718293
429629
1228319
330933
51579
3260965
39363
2099323
368595
89673
65487
1597480
10340
476264
56443
493879
123027
5184801
1022104
1956365
985031
532164
201069
21930
408518
63639
10080
254699
354891
168505
18557
1240561
105459
74778
4841081
327900
592689
316392
621273
44294
917961
71677
22915
1831326
786097
709779
12336
0
255800
160520
783996
1318269
2797978
17020
102066
1035360
89014
441903
398663
309095
4340347
131511
197367
781059
212494
70515
668758
131100
195791
2394594
43538
2152219
540761
24871
105073
226382
474074
169368
1230968
513079
169493
1516666
653368
46093
0
2530900
281005
215931
5224003
53742
1571147
405397
525969
148312
5112978
113506
784213
215754
957990
63006
45086
3495444
170772
1818298
235697
0
683927
1487629
970185
3557133
80355
0
1648359
2083117
1290503
116151
1283165
888627
437387
105272
1392271
844372
276479
102377
307362
29786
663915
66492
245006
2928089
2119212
10914
273669
2003878
1113003
5460946
325467
1370537
416432
0
246084
110980
352917
3723248
516366
2778
94725
18496
71349
3738387
577747
2077000
750597
596288
758764
158261
1344393
213177
2013528
0
667502
5922667
3806592
1098977
318159
171510
314356
50270
37405
0
1312600
1126203
266684
324269
1310
30994
5850692
36051
4804187
918802
130682
111529
1955893
29833
1834575
857433
134886
355939
47877
1152
265299
528669
747000
655887
80695
3732451
20566
109156
23833
1176357
17511
0
391307
132059
88657
8504940
182877
5917
146080
1139768
17249
1728706
662268
105628
281312
3287956
39245
55205
41299
0
33202
1053245
596189
58462
78176
52982
279129
5122689
324373
208149
530539
2447456
1883444
0
817258
237385
42120
1536852
37651
73857
138621
211113
716441
1595945
194128
33145
26891
24162
56079
8287
486882
6184303
933794
239259
404768
6777023
1069612
140325
440245
565238
1699723
315003
896904
286415
255496
9692
2956
2489811
404667
567179
235265
74858
544003
531288
96203
2153
1155385
628256
3011375
756889
621330
535122
69126
112681
839613
0
11142
3058463
362736
848305
4310412
66747
4865990
120932
675677
110094
1246548
14611
660060
529244
1522392
561844
2654034
91161
311770
1773371
77126
111526
0
158444
1029307
288299
1114920
2337500
1924420
2578044
184564
25627
487301
748328
1936373
2052914
47642
1048714
562324
1375059
99361
939558
2857932
2714
0
672657
141789
51646
1656744
44646
1656411
1321122
1768413
185778
60379
6998630
471667
328084
4316394
1025320
228600
47372
1105095
2704526
783496
7503
1024844
365292
32804
2708205
29631
14066
1634816
126629
287089
53841
314690
425754
8591
852443
563462
1043246
1298846
154990
146363
487292
20139
55498
155178
180971
3785991
70544
854910
540762
3566264
197852
70108
0
1807073
2093675
5210402
1114802
1951769
3991
1483772
1955906
67549
722648
1208640
1975049
911438
35631
652075
89289
34512
305657
356580
0
7166
0
504266
95112
1639019
469450
917959
4599856
12168
2960932
527610
638622
2719248
759478
269993
3261961
669380
3398296
4689860
1400860
1213796
1167191
1521673
637764
2552809
407472
425422
40854
784008
240656
707443
3030897
226616
42034
264226
199711
69325
818487
1448904
6406750
4670051
4391011
212334
2360634
5137622
15495
2700943
970833
565
2935948
593536
175832
258123
116572
69125
82336
785602
63224
1094212
972996
1891382
797
71746
2382596
47195
1176576
349890
3143321
8055213
1315261
8747
1002534
2003647
563945
426180
2176615
174926
219979
372710
730053
191238
393199
257412
1393089
10914
3303
326520
39375
828523
37341
61517
1326868
482058
30850
8105139
323473
2592676
597177
179178
170801
1616704
0
2644123
9672
442192
4473012
137932
897121
347509
0
2754463
598582
929941
94440
716632
2503906
0
965659
253654
913823
1146831
683242
2416248
45872
138721
865256
436899
1486171
122603
971231
481956
0
795099
262369
649021
2360406
0
108425
7754
176731
13639
91529
1812328
99395
7518375
8739
3143652
318578
2290541
2325127
756484
48230
303675
390262
0
772048
76827
1823548
295169
111919
1855968
1169852
1087565
1275355
1146221
132517
118924
467048
107636
5768528
755691
628318
442142
991846
62744
0
0
200091
64394
125109
94117
3067984
419452
1139237
32912
372256
1402550
1706576
748867
65407
58154
9187
21248
2440252
3967603
51494
131904
673871
1127042
52255
210592
381406
760156
140213
586913
8048
2084122
4159803
7337
1047500
3966963
0
0
4290998
1923337
777427
5743342
368401
235488
328195
3336143
563374
2137983
288972
684837
3138536
39896
3996210
510152
211535
139339
4777
386471
38695
987433
41432
77613
416299
89664
321700
14197
40005
1426666
898397
150848
437520
654897
2581710
122546
40190
396895
370533
1281802
21948
331583
803993
2365678
103975
6818163
89738
82331
1611182
209571
83118
49818
2665218
394409
376853
628361
1537067
1588059
3659
179556
3581526
234505
975615
985923
330395
535733
488614
0
171236
605532
0
354041
267970
71701
699858
1973916
415735
365810
11718
1414431
209204
2818609
403584
5504086
406725
224730
1401815
62209
415016
2174396
206338
75342
3751632
281704
1929348
741688
2251314
5998280
441979
0
1697606
1495176
200547
1529867
244921
218315
4410038
77649
3864253
1048039
151991
38357
534939
229556
363449
1151879
1512077
599729
1847173
157441
75216
199340
456584
617197
751238
133654
265193
1620602
866275
211281
30123
2424900
592514
864711
1553489
1765491
609301
868366
6554383
47403
38011
13809
481514
507111
2229973
0
4328014
1405278
3160025
820539
2151540
3634828
163792
145057
80791
16845
51241
0
349507
411149
27071
4418944
3680681
370086
1833687
7493772
3929993
14296890
1534298
72227
8312165
1293865
3016967
2418522
181815
162970
1715807
296296
82609
4193665
492668
60098
1348040
22994
1330752
38910
932062
5508880
1086871
33138
560997
0
3686721
2863799
5202387
788724
0
129378
37670
1176847
16073
259223
653435
35075
599065
6776495
34916
0
244659
2899721
21325
2927745
0
1111087
209404
0
148928
567972
1585166
0
192714
58924
15306
3509020
928867
51229
138284
5707
244728
5750850
429538
1324330
248557
299101
5584786
56689
1791687
801375
90720
20955
65609
15326
12051517
2124160
18818
21822
994017
115800
25081
27398
2630866
2456935
6238607
16748
291947
64988
5210921
5195
1191589
2239707
24757
2187380
71
8026029
93097
345336
213421
1078140
373730
1424689
356658
2727505
19311
1818975
17052
521464
3556
794503
227686
3326348
263670
766910
65915
32999
1989252
3913995
193485
1942330
10506
3169616
103819
1533557
40299
1304984
220926
5721060
9266
16831
299590
390934
705790
1448507
996941
343364
468065
62312
100951
1072548
3556
1660821
916590
71103
702382
4540986
0
318380
4720886
1059706
3660055
1645537
3030
388933
3537412
473234
245074
2127378
1583694
899901
955500
15785
143145
2417123
340398
153029
1178203
504564
234572
81682
404222
258890
4868242
928382
35196
4596608
256419
1565821
9925
45087
2774947
193766
2770135
247653
13248
1534487
42749
4047849
1340892
2393987
670772
77860
199222
267666
4010920
13016
37853
1587455
0
146973
566465
79094
21545
53238
778980
76856
273585
85690
3882413
5181526
3280977
0
99059
2639135
119768
1271036
886034
1820
263237
201693
260211
0
162464
1798212
14610
1767615
629766
1748867
236583
49142
754936
186325
945910
2164604
332443
5765502
489411
1321712
1215073
3146066
618131
1555791
804015
51039
0
401237
1535849
129520
14107
408712
147433
16733
11542
14138
5355434
2424775
911666
37156
5542
14116
4632
1430782
2064685
1093043
1786131
432555
2988900
216733
819546
88297
3811655
1327521
260082
3601
1031525
1472645
16773
32477
54272
5442095
682575
91426
1491615
1321596
1344552
50513
5615202
4289018
249183
398471
0
1199759
23889
1026674
236189
1074093
36360
622049
365875
391157
3555414
2906033
2880148
89804
903773
905409
2086949
575927
457951
33370
5623422
104073
665816
1760733
202700
3266057
9211
1172347
80457
407360
406420
400511
1161336
563000
4214908
42513
658455
452226
3999781
424238
337554
2436971
130989
15261
132895
868396
2423153
592029
0
435803
1019764
193454
1232619
45248
1199497
1140406
95659
715786
231843
6892367
486070
64922
96078
64375
73848
1280867
169023
1897230
17879
4672
3655
19025
232365
263860
178849
55913
3565607
462497
418082
2889193
30240
739753
2091690
32742
369437
324862
3756557
4056042
334646
290420
4770665
113293
50656
6982
29998
206659
539935
7525
679721
107725
4742860
7463045
1893103
811852
33643
177216
131634
2825
717156
2912223
164254
1825705
297573
6347833
4627911
1823152
2802328
251931
108376
745987
1813738
363518
182665
1744669
779659
14600
2663213
31815
20741
4565614
30742
58223
600675
972169
503438
2090955
1653087
164509
1085202
8526
30444
3243591
1611817
2624305
116624
1663410
1499060
83449
855078
7562963
1423202
6089634
2122443
985739
601577
4122910
1149597
656986
1969981
217811
4154089
184088
584226
81748
1243312
843375
657523
1287731
0
697015
10515
769017
191973
771213
2879694
34848
384767
767299
198913
1801919
185001
6253293
51666
138121
13101
4454516
2003183
1098827
487228
1638650
479369
266891
2284345
30564
1961639
2622545
169218
58967
72128
158217
2515198
544164
49638
0
34941
2854022
89492
58758
1706251
318238
1524438
535211
73266
348965
471873
309047
1941746
9978
3808556
1286104
2023627
473830
455248
1908937
480823
90416
1853581
46914
49024
3037896
5201379
86331
146594
46462
1628847
48252
69980
740015
2417370
49416
4407548
1501856
155364
3363576
11995
67342
100926
2623702
3453393
330898
2297916
7244042
1272158
116368
40534
1464560
441342
207780
453713
1617674
2920077
3605250
73063
5033850
102678
2295005
224353
584537
471779
109400
80324
2424535
0
1044682
408521
1237414
9729
9062
2762486
1683844
41931
485483
1669497
233072
182935
578217
2334974
2728215
1370184
8843766
515578
310083
386678
3731565
267870
1310588
1195607
727236
5363975
855632
815550
266660
1105695
21694
139189
375117
47764
586913
29893
1405067
1637257
567740
496703
357319
608780
2289
182711
1440424
3077799
2263653
0
5841499
4997283
1471163
4499493
2220160
1015285
2647398
1465005
2042880
8714
2027552
20459
2989534
1336825
6926
319561
0
272528
149720
232761
1276292
1040029
5211341
2467479
188303
90375
59849
0
227332
1840312
6531430
168676
2056249
542127
564787
93225
0
2597310
4191228
3940018
1418386
10209124
0
1096068
362246
926350
3500438
1807673
3298865
279833
235283
16741
61725
362768
491959
573805
227942
79055
3975887
44282
3476080
203703
9306305
1313011
47481
223387
674819
1633451
7378381
2220584
6829
942896
1128548
339349
5060983
759105
372652
35617
200228
1855804
5208053
2035157
2104260
4605503
622991
4196
1748623
449324
2619307
943299
806487
97014
27806
59868
870673
3353222
2012937
1975119
837874
319537
57016
1721469
479362
70514
1694551
346028
12876
2938495
281056
3061080
366805
3030
767506
5542
409541
2735946
0
6115229
426717
2991337
47973
185127
477938
695387
865493
629728
176318
231138
0
1944145
1149519
6838
19530
52356
256752
62772
292369
6465158
1383634
54736
14406
4104346
166962
0
1615418
1369279
36710
1657405
326063
362218
34333
205559
5086750
211621
141661
996320
330452
259130
3141175
1544544
737893
1335961
11151
2198968
175719
642623
170422
0
8079788
14015966
120018
668303
1187218
941731
3116457
286461
3135198
310926
1164195
166665
1044796
1557016
1985088
3705611
4236988
253192
551430
2167184
112465
34432
146883
173188
44398
242194
1719534
1790498
910148
153207
1007
1301688
867262
196566
2103316
27255
0
152800
2978218
241431
225931
235604
4550487
4530879
8256
4373190
27942
52615
4940052
3687361
0
466691
2696111
2772329
42852
959829
106152
648484
64310
477615
227265
2917700
116902
923696
125515
7510
2152032
1987647
285681
1015816
2942770
765691
544810
9492197
4160555
947033
805201
354193
1649121
527677
678320
92544
54188
667615
4267548
23679
631560
6495
4087517
18713
1649065
1705830
2057339
8868
2303558
193788
5461821
4901189
1489798
126055
1801728
72426
28742
2445257
1039700
1622512
771654
2382912
726401
70607
2059154
1176571
1258800
718885
965569
1360913
2658979
2818
112103
2262422
2128097
67795
3033525
103013
876482
540656
9748
596814
5181795
98572
851328
516767
164648
582421
49650
133564
3621331
1313296
548906
2795534
178036
422379
44057
45436
145169
669743
653645
508320
891292
59220
5980687
467514
405525
25246
574786
15776
1411021
91896
4073984
741289
1057548
342227
456926
3409357
1383048
445309
1853742
757103
2686105
2399382
23595
1303908
0
1157081
402309
0
915297
2010990
2601843
218270
7306
1802785
34529
1451384
16665
364761
1537915
351398
8712882
780140
228741
2059984
2510756
247005
199732
77438
267442
0
15330
2382970
602399
3495445
5354693
1465
229424
722662
2211410
10584
971569
157167
96721
1837599
1749361
310177
4046643
308424
12100307
834881
4420031
27339
2951204
282196
514824
3933398
149163
2742680
558905
1464893
60052
1921021
894978
2373554
6902726
257800
3876335
11732697
1923222
2067342
331576
1580384
8400572
9946
70923
378125
445529
3062421
442300
40498
126754
1934406
614893
22845
1022001
3068258
255011
9075837
112511
26583
3153517
2721055
1208233
46054
1472674
1237639
1085468
3991424
5554405
1648621
10120
429150
226951
969
1230386
2510845
1559962
121705
78547
2423360
2184099
878826
290559
268127
3151762
2989480
6862
1457835
340395
136909
0
40411
478614
2006313
2436631
776063
1495508
0
167387
536591
9901
689024
114099
0
8685866
163874
901311
811027
2218640
401950
4691340
401049
311542
1470484
5099917
0
350664
7661
116876
3003463
776861
5685699
626179
2558833
973347
167799
237750
181770
11265
249299
2616771
652542
95467
651235
458124
886204
7927645
35582
1626607
1295693
3057481
14828
37288
2826486
0
0
5536459
1383180
141203
1396360
66631
523995
194578
2283555
377614
13866
880716
167258
1373896
1207204
52943
193133
4740886
175286
429293
168487
3151
387102
237618
28790
358744
0
0
875947
2212511
7666601
657687
133991
177929
77642
1980566
246518
301586
124672
420980
2258319
595370
2742943
2210984
14194
17434
3484606
2747760
69281
197415
4634931
482976
9279428
170387
69620
3013625
1369300
1743233
2225180
2095644
143057
1709180
13636
326050
4400048
257016
2528927
232494
2817068
28493
2049074
5499723
1874446
1966709
984050
426652
7565305
688623
2299491
0
553290
46506
3791
542772
544697
176145
2247479
518876
531754
639277
1018236
5967811
65784
4376861
196274
860296
4632041
18709
125491
4232262
8744
825164
1239466
6565144
319794
106413
403648
1309819
441404
389557
0
148040
1397505
47102
622267
723751
826184
8810700
66083
55699
8970
492126
7387542
632025
526926
381955
546911
0
326215
2859264
8759
1754233
314421
289633
130470
12823
9115357
285602
616223
660096
88083
1184484
264117
3247112
30068
613915
1857365
864153
50923
60868
39175
7797035
162159
23546
1285871
71215
62583
9867
1820696
4203750
85655
5976794
65458
478326
3228584
910604
63923
0
870299
1830283
3475683
1835761
558682
390843
460948
4762360
93173
2817351
342205
1193257
6570345
1583604
812889
113170
80313
526604
136401
512078
686220
353092
1676092
86242
6753904
9875354
1170476
1469676
878889
581718
1825445
605389
5834483
9250889
6856380
2289065
1602009
17307
3207708
21771
629931
75362
4941371
440800
423988
1313978
2282714
2655280
1391006
51429
124012
397104
82282
1014487
2295892
1616381
273845
46447
414393
57793
3151223
81942
593228
58937
1975998
4370520
311163
2414160
245081
39252
353000
10490
4387
1426438
24316
1247401
5700327
457522
407545
8997
744803
459126
32910
130121
5767988
2473773
125018
27006
179980
4031
19948
1464475
360308
891153
6301700
140095
14038934
656463
594828
394577
2451395
0
188091
1360697
491980
263993
1669080
1434437
385807
1167978
1068792
793266
900600
3387895
2077539
1556843
1147705
350043
326721
1407894
2531923
1029453
15707
62966
547323
170259
12206
120346
789970
293567
517846
22363
17190
2240597
2577565
61780
7384125
542526
1272693
0
1072960
160096
515011
32596
0
3773143
2374676
206013
3237265
542348
342697
309726
7647113
2466484
36244
4848
91043
68846
882849
9363413
40022
6192522
2085450
4234616
36212
1019557
345802
1370859
9848
127123
1480312
121455
40517
3055049
1975545
43966
339741
36093
507440
1428952
703354
488600
1877787
944831
1985
287348
7880710
6911
8273
13090
1351619
26639
4139182
1862400
2533565
630707
2725231
9837
940703
327895
7636692
32093
9985
383490
207526
16937
1045698
63669
683782
219399
2298275
269810
3793621
9356959
1952289
0
11461521
559973
17180
268488
789076
6376462
383519
54859
1449720
4798333
2126238
916170
626553
107732
855321
607632
492299
736548
1747694
8231
3134586
2443916
4356661
7338
15122
5471622
3986171
9324366
472781
0
157664
630928
3122506
3228193
1408577
1766671
322791
2008594
975880
229809
658208
17213
25181
273190
43502
165160
383554
14707536
313941
1397314
3270
3842936
30620
2671
322365
3719028
86773
10863284
566523
1040875
1427976
1337620
51207
10422789
177892
70681
5760838
176393
1145020
1102039
3944944
303814
153279
369042
1192751
1347720
1387189
3368815
11091124
5076
5360895
89336
347673
102323
2826136
1274813
522939
5840924
368063
1469725
184359
817306
1812400
2457255
6603334
353921
369602
764833
203865
106288
59269
64755
15494826
329696
20785
48894
3719824
0
3548052
23088
11004684
691492
288134
139224
2400204
113772
342585
194897
443276
50817
1352062
533928
2393683
1433603
428889
1098521
127817
526760
7082212
4412059
13968
637189
862974
4299794
1402581
719814
1679936
5849103
147198
788301
9692
36073
275129
426793
336786
3838766
306619
2440678
462750
2071540
1449708
1747666
1341941
886585
2285550
536887
1288497
714819
204329
412939
462344
0
1339311
2922883
2285506
818325
207977
37078
18409
140608
632278
395752
632168
18634
1053562
50598
884422
1697318
15485
65031
0
947153
920052
646473
83461
0
28737
731804
978130
9287225
155311
79745
36387
2996762
2468482
403466
229065
583168
538969
4284709
1787293
104642
201085
7496051
1136123
153610
107302
14928813
136941
10631
1839382
0
2892102
95344
466787
1268784
1478630
9320
3601
1311169
2016968
427585
5239643
2517037
2201565
4148727
388233
44785
5244969
3255827
3582068
188123
6855227
986257
2773560
1359377
46989
214498
3567985
645452
580435
186188
111020
476028
9084
177561
427976
2019658
1982805
434310
2651651
1311757
3724707
168857
450935
80787
968920
1314631
119527
102276
4636634
640082
823836
855199
44731
713646
4849091
12822
733586
245737
22566
737648
1620137
498204
615549
1249974
1465111
687817
991312
3209557
870207
6890800
1954876
3571
332581
12970
24691
281471
746054
833293
22316
44534
1313568
1017135
428567
58804
47935
1449604
2159744
429007
1643747
231283
145330
2185621
2264903
56900
11674901
868634
70803
7055880
0
222511
2891367
788693
1715851
417448
19097
2151631
289775
1111294
481291
3797656
616220
938667
7360042
1950321
2408265
198859
6756119
841619
220844
0
229847
4187312
5470
196405
628555
36037
2668800
342693
5012806
53625
3909794
0
3791120
4497820
2628535
1431838
5457020
744468
3813704
464470
287424
911087
949057
1205783
12297
6239136
8739
2545564
179401
25091
79409
294796
592403
2844047
14038
6544
2706313
217194
176207
1965945
12332
3048665
2646285
591781
65018
461371
949202
1159838
54554
1823266
8076996
67762
2950812
454146
737575
1044696
769078
558451
1278844
222075
8584935
222203
1616993
332076
18474461
5615053
92325
7571
54964
68264
15817
26502
3140950
5447458
126606
3773371
271167
1996655
43170
1101279
113961
1989493
1206354
8781
884718
4384405
175306
6831220
3078876
2992369
2487420
4386371
2146050
291215
101301
7890625
0
0
26099
2311519
1746777
4354715
512445
2897854
4567285
1825514
800372
3443444
369065
15317
59299
2525
2902082
7233798
236382
1434997
27321
159750
103972
22926
128663
1998745
3650032
6470765
109570
1104646
473224
105662
1005330
266425
1816638
59874
34674
196578
2963897
1107643
517816
3511851
5072316
33210
57363
14044
2684631
105227
27923
3227560
2246978
189966
2261396
2707749
527308
517001
2422314
0
11454
6354541
964300
61230
1711812
242791
3992
123619
209878
1003858
134063
63112
8513
238353
264772
10689178
785229
6722056
167740
1190281
135268
1424748
185673
1202475
1281605
39907
4778503
4079238
149637
123012
2879735
1974540
783089
2238340
294245
1606998
7929499
1488993
334014
62067
523305
179403
38234
970626
2382833
278007
8069112
573614
1012264
142715
1063878
331849
187458
242588
720972
242966
52748
299846
2465026
19031
150736
5195326
200103
47347
228794
2696055
3029561
98479
640551
895119
1278921
13281
3240164
2950384
2420044
0
59008
2678132
1367014
4522323
122975
526148
1252825
742229
2298598
383845
2805361
3999203
81561
599312
739621
73116
384963
4902221
2714296
1124256
3782214
346238
23985
332223
135775
16224
92158
389564
1791503
1542190
826126
2867744
4380263
16835
246468
128196
2301230
1122961
6184325
164074
1335271
170050
40495
66124
2708403
3325655
1623850
3860
363818
87674
14906
3985010
7787468
773630
902633
109013
147866
6658804
14105952
297384
14942159
114394
3645170
113519
5716927
179238
507260
1978132
35695
1620704
83762
822714
29007
619934
584370
544947
315799
1408698
6556434
2655328
6802166
1127474
89977
1266486
310535
1065994
286530
697020
11463
603175
42930
3572380
3435663
238012
55222
15325128
376080
1582519
10332940
2382030
175177
2706775
4230434
1358195
3331777
287586
1846954
122458
558234
805162
2141315
3458366
1597013
663721
1618084
2055860
2095022
8268845
1392607
1366418
318304
447241
19296
1614287
786808
754554
2738344
922077
1718248
2720027
1506409
240631
269748
5849659
283773
688855
289822
802016
883700
1493932
192996
109861
78096
2881277
1248687
322710
194903
987894
181212
1191282
905094
205585
8962606
769014
175152
0
2097830
3830203
8009
4263200
1425155
3140035
893639
2380531
2271831
424342
942955
320264
588110
101119
185150
675020
1604637
11249306
4431037
9454
491317
15550
2206276
445197
7544142
19989
147364
1073801
447362
1301483
165530
100117
1915595
2652
8329
106858
30167
345036
2184876
1514840
152673
322570
1816025
199740
34270
1125599
3446315
5148951
1334779
105164
2478299
2561067
1752966
112468
1797362
4120009
1580936
1405820
4242751
707374
949314
7488219
3307404
0
893250
350416
234151
9098695
303939
6978372
24665
24159
1579026
55046
24112
35582
265628
1263474
1471021
93214
1271543
2079121
133053
6544
1031692
317279
488521
12898515
57505
549088
5080076
2833792
352870
1693911
13570276
1256687
73146
5615117
9558251
269986
1284892
865945
685512
126930
1267662
6616387
30963
474689
22470
87675
3524313
1424128
127171
247590
7040761
3980559
520307
31075
2415590
1296046
19323
1354399
36168
879399
823
5743079
572117
846893
2332528
0
1551429
2411726
5863311
37152
612998
7785723
316753
167850
4292233
10883
1617
2999456
2815144
2982063
640834
3805681
1182957
4894589
340954
86953
33684
557315
77650
1808392
1211341
3919338
286241
9126469
408727
174588
88839
1012021
762745
159667
1078509
18021
227541
1318341
669909
2332930
1119337
3535883
963367
11535979
12262489
68423
1005258
261013
603232
255788
1342236
1239354
1033159
383047
2079308
97034
1227245
116500
43582
592016
571784
3135416
2594905
323130
1119220
20969
0
70546
89386
2096741
3344311
733641
2463726
1633892
76375
6173141
870312
749619
77762
1428756
2257757
150001
2633909
231928
289087
117933
388907
2734231
1096306
177406
6977
42053
2303654
1324983
3020638
2085489
2732086
135708
250697
3198192
1014770
2013186
18546
406301
204310
1831639
94572
6543613
5792074
0
3952088
2621621
1069354
5698409
2436986
1184086
121675
1069588
876895
1647574
3334802
8385458
2057271
9913896
2028882
1951291
985441
5228879
145906
431238
487558
133443
1491578
924670
54669
2376937
7891652
83761
98486
1643099
9300157
360191
181835
1290172
1908076
3502413
7456553
243916
2784360
687169
4562766
4692382
4423245
39579
359757
1646263
51485
531345
552187
6454759
456587
12632445
4272182
83607
21351
4256672
4693
60027
1497777
836374
1630605
1711962
129515
576980
2435087
4591319
1201843
1209937
8883
993320
0
382779
170878
1991706
3768075
102488
727502
0
1855687
228899
7860690
887867
1245921
4044773
531233
136920
14087
823
398199
339219
144507
312355
1851599
447388
161060
1109920
1000273
79378
5421270
978661
15361
2244
2661253
3369185
1740331
3004850
758548
793885
283765
1556626
514234
3096922
342057
720205
64567
301992
9381458
3500885
937385
204993
283601
3930099
2406759
7198404
11631
111729
3129737
924403
4484380
99730
882589
3080118
802252
598132
105599
1822513
323671
2035145
681981
44124
144743
862763
1763093
7393
914930
1050694
5935091
600367
396732
194434
188479
5231850
26457
12077218
685659
1703757
246629
310861
3060555
923022
1408145
2905576
5973050
2499839
715
227073
307311
79401
1338551
479577
3676361
72720
885066
120523
21316
230000
831857
7538890
1155587
1277305
1355088
290927
83139
8570
36408
136751
190746
31581
7808581
3388967
6009672
355980
295114
8873199
21984
293134
525359
13584728
297277
2026822
613794
51383
4591546
226884
934299
17654
608651
251066
744086
43893
1244707
107172
1410011
5220599
941952
3263626
1733131
709353
3191933
160298
2744399
1430443
4962186
1622725
580723
4604705
474817
1187462
7046533
2234550
1666018
3070253
24155
372792
68664
681266
1880856
181758
1560625
4789558
17920
0
2299320
6611533
2483851
3271874
9875172
127311
20114
8724964
15057
160832
3132441
7669
2495323
2400442
2321785
1015089
130882
4218257
344153
94980
10069091
613284
522223
471859
2650603
113450
1555222
2125113
0
327439
799205
2298319
3039290
106342
709022
559532
7345136
117444
52409
145253
97529
37391
2991181
2520576
5784778
325312
669732
943871
176980
3843097
38793
2011853
583309
207082
4964472
51695
2083202
9491548
622875
91588
5412753
8245623
1293915
0
0
1040886
470529
563984
4146325
4722262
157853
389475
1033950
5566494
6911
11310724
17101414
53051
46188
1952673
880690
3641882
532920
1134206
1947992
5271954
291224
999669
48464
1205953
6028512
167930
601517
299311
3995927
23036
698330
4089071
6180571
34742
68956
1443918
3594954
464303
1622015
4973569
756194
5889306
1158507
2369953
15301131
674490
813890
2269113
344008
47804
1262935
1622763
966733
966362
515327
10953
11006648
310042
86000
102577
2289075
153398
2233995
1953799
8597
279067
4007974
43457
12297922
41596
1045459
3045
0
3519266
576551
1302565
1504089
1002238
4098756
1061356
12368683
1927432
1159861
362259
228726
204384
1254017
25008
550030
45396
456711
1016146
103298
1787205
1332400
61543
255036
1474819
2968187
168610
896243
1262504
384344
1643706
210068
1857790
1003704
1929413
705535
761264
505604
280312
1584066
2124285
2295622
285993
1107128
3096231
1062893
828874
5631442
539707
639194
386221
4872419
3824701
946265
223329
650819
186926
221304
348431
7404560
1032739
1484831
3293155
755049
2010876
2846946
2313310
1561372
1020846
107941
2247197
5271490
417110
667040
210339
1362654
482427
819901
2220268
0
2840555
10938422
1257092
10442385
1533564
589021
61912
1098337
3271243
821660
256019
2810508
813981
1075094
2691647
0
2144614
1650317
11763
2795342
521466
1470
1165704
1064490
113343
28945
1750727
27901
3513
243651
1141720
2148973
1321816
172879
27260
49706
1287462
144510
4337445
435746
143109
1466825
950373
130590
6609277
590892
348000
13975
653497
11183828
507592
144772
460134
193329
2612860
192101
31703
322830
0
14341710
30728
1727637
1033308
0
376809
605538
30941
2416504
0
1251649
864
48104
10907203
0
1660919
4916392
242790
122330
60035
1021412
2514141
393389
1746197
3128620
2785497
10614840
71629
3592434
2298118
763862
2361735
4032513
3907278
2309156
1240616
675323
876095
4132430
245032
4291213
3285380
406755
220677
2824431
870632
5691292
200119
213089
117140
149660
2426207
262497
12443335
5368201
65607
377949
5170741
272749
7026201
866635
579595
7687025
735708
1742466
35140
1517524
1321922
133494
4019679
1547799
2413455
12553269
412006
96681
2543809
549200
468788
3684623
34435
648841
655674
751729
3218383
234194
324136
1357854
10494255
10907920
43082
714009
136922
203913
4155063
20868
351438
657082
325859
579236
2849171
2530768
4014080
3642068
7565734
190005
369872
347078
108449
433045
1721390
1485883
5973
206355
213174
655142
622564
4923769
932924
507324
6524320
2497543
7899246
81962
1804966
1262645
1735271
55188
62992
25533
87573
232959
24776
0
3048260
564135
82019
1318924
1228130
1181501
3863720
21699301
30369
167329
817383
14686106
2370443
238329
721690
0
6346651
2978464
857321
3202487
822843
366555
575528
1618014
524376
1945343
479001
873482
443489
2853927
284420
18851
460746
2958264
13797
88562
1082803
2683473
822127
1504218
9586983
1723155
394549
357990
3094505
354365
11921091
6595860
945345
953963
3400236
1826684
56196
134142
1302812
1127908
0
933820
1821439
746363
109011
132354
1728263
2582006
16224
770405
193569
6670394
321189
3236556
335321
94276
1484325
396691
4837
4304361
25036
343026
1794401
370102
86476
1168449
636582
4489095
218172
302895
5616209
351002
3579382
130262
444772
6073166
755066
1039042
253278
12759
4057621
222991
4049035
3051490
10658890
6532229
865865
8647354
207556
657982
1823848
447528
877639
434359
15258
187144
3761657
1384513
4867807
1440825
3720523
284966
85635
789916
16165
4713621
372451
8096
979211
804430
20663
7579043
464461
2624586
3703765
69012
10503
152329
530727
594564
102687
719491
271735
1442313
4035123
2080754
56820
1838808
13501989
4324601
221972
328108
1094997
3998178
468252
841750
13341
781073
3045234
364431
12576
1336
3529422
10853994
19323
0
2331450
440378
11809513
4561337
491836
319727
513585
104719
49848
44722
0
1134005
126727
2253218
73874
1866224
2802814
252544
90764
1005816
538717
479783
1490789
4553827
430592
8281319
384961
575346
1062320
2332624
133333
1341664
2564908
280765
2701820
6971353
2783644
362246
294817
5719967
1701884
1052242
3081729
374765
2290989
2395316
140799
744118
2629726
3817795
45125
2160878
52063
846516
0
134547
4203
6595160
4439083
5374264
8336
2767660
525773
677955
32620
2894069
5801530
723096
518891
1339590
2822173
793010
31223
2091391
339061
9914113
332460
259016
4776999
421979
3091639
17167
9187
5471068
2836861
17841249
1205572
35726
5651345
214776
1131748
306578
10195662
705824
885394
3144113
151532
3236488
9927136
2880101
896688
133992
540915
153613
1632656
1466554
3270457
707057
952002
442846
767909
5774192
165628
45496
896896
5577362
859277
1554878
1470146
14070802
358061
961381
143725
497077
4371156
223702
708212
1080105
717819
43865
4992030
903585
3152686
265111
2683982
2214232
890370
306102
263273
2829095
243015
158671
1063714
1472324
1083335
2684657
15246707
624287
844749
4774953
0
4071654
420028
31761
43895
237212
0
21919
435678
459582
950766
889754
415020
21600207
1169682
9943182
52375
3473917
364610
53668
501218
534901
355606
1405945
23900
138787
1893564
1626995
231744
3235605
464832
28617
1100718
407382
4126076
596624
8270855
2675966
237781
403098
1123552
5083950
444369
694619
312987
1637296
2014375
5414269
3126311
117621
4511231
2184505
1927825
12616342
11502411
319868
399959
0
204260
1585745
738381
3462374
1318919
1528481
1867733
7879866
723398
25636
2574557
791954
1626096
479479
1310782
1794076
1433957
1427518
149991
357572
772827
7780
2893314
6119438
3535277
6708284
6721386
1109249
385218
11109780
920891
8418174
486063
4255660
113582
15278191
860442
1969378
28473
1702773
199607
6894
772609
986844
3980941
141187
9997813
349777
10053307
757159
1099339
1092541
1398128
812159
1730570
2287017
6237139
397560
1522384
383868
220825
140067
23203
5297774
3465253
6003380
267682
8176769
2679055
1132537
374167
855577
3492599
30907
0
26867588
0
0
123327
1467036
295217
69852
129503
479877
934183
2528433
4704703
1188961
35606
5031441
166444
943943
420209
26945
2072454
9692
130871
84223
91262
3649552
5293936
12445110
4152111
316787
302353
4113079
1222890
19583778
0
1803304
832792
508059
135691
229693
448964
5928753
229426
849529
141156
2929949
202798
5206794
4424196
1156805
7992679
5982212
17334310
17859
6771431
371400
4609287
118887
6551
516314
26133
1558627
6952394
3381109
26271
57791
2645142
110229
101422
1597529
9149044
1115223
1582250
2053808
705975
13912200
43799
92713
3204120
268229
14085155
87809
2026378
4043850
470232
1502422
248684
3089248
647506
867744
187386
143201
0
2051061
8532472
23050
162150
40556
327565
1352325
214415
191727
5069293
8247179
1543764
1642997
94180
2513021
4733997
2141732
215033
0
1225449
304804
178201
762128
5709650
1752697
16888951
88464
637731
366250
8084556
8296797
693056
4491568
1115900
4465
2557297
9370176
2654434
2068669
74820
3993
4253889
1479911
2314018
1435370
10418963
2254832
1480968
1825961
3222710
76748
3603551
5348269
20231
202661
689183
993829
1245308
243773
14713
19059083
9035789
1339388
791399
9486705
1467190
0
328685
6589872
338155
4509222
235979
3066566
1430792
4666449
218236
1259154
39162
52437
459351
48834
123728
2259483
0
2846503
204747
702816
30028
119081
1670865
10491193
874739
124481
2571323
330954
3319094
131692
837551
193703
1729183
381943
1381401
331742
1362953
468018
1702318
5845467
24605
3267591
71295
2009459
6536617
600440
1835390
24847
253078
634842
6900931
473217
7717416
9855678
890429
788967
603535
2301844
2225010
239299
5794894
2463079
20814
2413458
427689
4174580
2293826
2343100
3436662
1793064
3358777
0
4890226
7085815
394851
110525
559784
48313
10160289
572260
5599802
3638897
502531
0
373758
160030
133224
1820183
29895
1347005
697706
1432560
5518272
514048
942251
458125
73663
279840
765029
511752
426739
8256
139550
12747
962171
4010385
1131416
1610370
114227
1183010
205570
1526524
2140255
7574468
1057848
2523266
47408
5425403
2187891
756394
1129983
349211
2199295
9229036
912852
154002
17269
9878753
1941350
2019143
222043
5347290
6923123
6002906
537286
233610
697936
191792
52165
2622992
1735054
1131276
2807648
2273707
3254635
374217
5015772
1847206
106901
4679237
1131976
3943854
234560
262550
588228
1858502
9449572
789310
4543189
678900
1811187
6061871
19315926
6305370
14371
6413493
246979
27260
718989
38030
49149
832637
1191757
1202483
614539
730851
238219
2419584
238364
52695
173518
387674
288108
1087889
886449
31097
114514
81836
681580
214235
549673
5024880
947537
1570698
12100490
11916440
11881723
2701325
266402
607238
2449703
361314
2425856
605120
256678
1915236
6702
1485580
1822894
567055
368317
2542116
4133595
207651
13686
284276
3115304
236411
267285
45568
1266142
1884954
2076093
1271399
4045917
61392
630674
1256012
184164
120419
3394240
23013
825566
9387137
5266
1837613
832160
1035115
1249899
197763
3143991
3042047
2827652
3679186
16901
11545097
441794
481152
18367
2264878
759098
2546678
1420031
3954250
608756
3684383
10251658
7525
1722162
215336
831183
542797
1865929
508876
52539
48854
3852024
398086
6272162
47203
1257580
1690820
607186
22723
637092
470204
131104
5225607
310620
90480
1201519
6304669
2877931
238764
3079140
1117207
673915
10191872
582705
1338993
866393
3855337
357178
13352199
3405343
690037
185292
172484
17354
1896208
9065525
199071
35264
1745372
265248
49404
2057521
3510465
2795297
678657
9521414
3256053
238725
744
2152065
11477136
186825
154186
113741
49384
808250
346321
983179
383982
628965
452586
334410
1672354
5680285
705028
95571
1140795
735909
404663
298143
2250246
173307
6940530
17192243
3189060
5100411
324826
559466
1248561
4910351
129959
1011700
478878
1600465
1311925
22151193
141960
143730
409330
1084067
7949250
1845346
694408
438299
1410036
1617054
102950
125261
4260956
3105791
653639
425005
1859720
1261574
486389
331233
367223
486242
4386932
8207876
453281
3158721
681747
4038485
77337
236186
859822
992055
26434
1113908
377357
508327
28202
69967
2475402
763732
19258
1677634
2566171
86522
180595
32532
1127596
1104906
420998
11490659
10646
14311
2940935
1735942
274758
530123
1610409
798779
1545990
320716
1556883
56572
1665083
701398
12168
741367
32042
2150150
169822
467948
109782
29880
0
493764
1428501
1344822
391253
707511
9950767
15091
141187
1008872
822945
34763
83870
299499
2735182
7702233
137941
1066457
34462
2844750
493493
7436642
3130110
299624
387591
0
2782092
2335980
1791720
7888322
1171218
4835927
9451
175930
13530980
624328
86027
8485049
4023104
6744861
131331
479637
487733
28257
1830563
3547093
297469
1389111
0
45692
531022
1793040
318617
2885509
2520943
178052
1433208
902246
4617545
39980
914256
459667
437201
0
10430038
37406
3604205
5494365
2176241
181026
7456484
1239867
5698838
49517
237244
295247
234621
3181930
7575806
2098867
7864
3018300
114805
1701701
2066310
1376176
4987198
185276
1721409
1781308
2872790
1999367
352432
5073863
336378
152430
78770
3860603
93972
2396918
75506
261992
0
708600
1494645
1177710
531207
753816
284585
233858
1302218
208463
2569962
123218
452850
396902
3940299
1990689
189637
173366
5625590
6387631
1513490
151372
1687118
1149536
17436
76394
1901550
718399
2377786
14731775
5293578
194385
13138786
3729901
1139482
1029968
1543144
2772
565589
2441778
6614822
0
1008382
7404468
8735140
5768754
619353
3161347
1159269
6806037
811558
13017
589013
1227475
1593353
1151702
139340
1458118
4143852
3176395
54381
193984
990821
217901
2097387
9945238
79879
155291
1389025
150579
1262312
523573
122661
0
158844
4807919
656381
5841732
728268
168032
6825539
2052984
1148002
4878306
285303
308636
467201
188457
3556
2506958
1434038
6338132
9894
7935036
182522
489103
213969
49344
8833868
30094
471355
312301
1297921
703630
602264
93773
12313
128285
9715699
2190702
188433
434228
8155978
16629642
1364276
515922
2945421
38934
2311536
607367
454497
84751
115964
53793
5356352
669092
7634059
46466
194722
178810
330878
78249
2120443
7148
2188312
89435
3975909
2800128
27933
8524006
4786424
3361
8004730
824415
7915967
105745
233404
195220
87912
8269966
1140043
1336
2202958
2825938
90959
1952720
2190393
642044
724052
1069878
5326548
14126526
12597
1453899
1710939
2250602
3924984
5857264
1541480
7514449
53095
1073390
2780108
5563857
489896
443837
83171
410380
1711871
223131
1024569
817458
1896581
7354333
1171321
527780
3034062
1018419
1295116
14080524
2488715
48337
1554387
3175275
16926528
287932
6257164
3288871
9696617
3702435
5038598
87200
409130
592516
1003198
45336
389585
51184
4267559
428282
143340
829441
220564
2137634
326722
6158422
8124741
2102313
6391295
152835
4004159
50825
10383812
4608841
346956
1983723
6259837
840563
6343014
133849
21410936
17038046
0
1276846
5354436
91098
2214308
25408
51122
1809142
523
1428713
62668
4034538
557095
80634
680283
1513335
184791
5182042
1852452
195691
27750683
704323
0
519311
3485488
7708149
496959
546474
1891335
364262
1911013
87493
323408
4603726
1088987
33281
1959496
442460
12439604
53414
8514219
1133461
22579
56334
5256365
1562574
2029034
649685
21837
2955817
1166862
500504
3573909
3186602
9155057
861614
11534
3454914
10668341
5756877
10328115
1037649
481631
4239876
7658967
1958353
11496591
5707691
5715445
10118998
428878
1583675
921250
1986887
2929838
820403
38186
1283182
8275070
273475
6941087
2730810
11069
13692144
665243
129678
6561106
2793523
187762
577868
357915
91636
32956
22947
1369551
19860374
979350
24389455
5643155
851965
936581
847550
143087
920378
1348624
20924
203307
1321999
808899
572561
3286430
592817
379744
54922
11450
14191
4799223
417498
272108
3201
86800
275579
2033054
4365892
3882361
219483
6247523
581851
251524
75518
21455
3065810
934623
3362956
830734
565887
2441
0
61570
303420
4440
1431094
489874
2599202
287273
481005
144179
98642
16281
1055783
1108898
153782
122466
1698132
2900302
3242998
435868
3135348
15415905
698465
326864
993349
232473
1310117
35359
1939827
23365
355452
1223067
6457
3187487
11253396
8280404
79840
204461
15784607
537371
43598
459165
211904
1209
14595180
884571
7486676
243371
5384844
106235
2929048
2031164
2848534
199020
5974320
52789
561282
824000
2973870
882321
344630
623240
1855311
15491120
2078125
109343
870076
13965
353893
17681141
2008694
160489
6623653
17146879
10418
4857776
1023612
396109
136108
1775219
3903031
89900
1007277
78819
290868
5426344
2417066
910249
4393253
6807242
321545
13217
2634285
2002371
184878
2805678
225881
914282
96542
6237296
1704212
2056585
6175988
3722420
210608
2983685
574455
391315
293557
5217516
192453
66282
450607
0
8141
123440
305615
5062846
4729579
6222877
290286
314562
285092
57804
505560
2372505
5502
58305
7506777
1008183
57895
285240
1361512
1108554
11289393
2147339
14124
904668
597359
622577
270998
20372722
352890
307458
644174
0
133189
1217515
18745086
966284
1025056
2357803
462581
142221
1347542
477063
4361092
6422143
3178195
2542035
2059348
11163768
771112
12019210
2032318
88018
2271796
1025241
235507
2239478
3430584
1424849
4689401
6538613
4411397
3908853
3832690
127085
2016710
108342
1263889
7347475
3277211
79915
1853604
0
8661131
13140
1119004
4204429
640841
2146627
7773343
496540
0
942362
102007
1287746
6357193
1099978
494949
583604
3557001
6851698
6595083
263124
10082801
4675645
9799
14832787
755648
7490792
4972378
112194
5504240
233420
1305238
61585
260693
476712
4771
254342
151411
37285
680575
1028517
21353733
835585
567232
44698
10441062
1170107
722473
12057
8255389
267453
2565094
4454
1551598
243361
8777906
76430
1381972
273648
14237
954033
387099
590175
158722
2096165
1086716
685829
4115175
446345
21086217
2873566
1530777
7503
937618
6882690
12596
9461813
5060366
1150864
8076741
4575785
994299
2005232
3715894
175989
20365254
0
1065707
171176
1891738
4436631
3046602
3645160
525504
719408
53572
15385
3117627
201443
10730
485505
261585
2254391
199550
403285
323550
6216986
20636549
386385
2056974
611242
3040797
562238
4604859
26726
237592
1063677
919708
1121121
5091
5950763
659188
18513755
350029
667330
8447
10883200
999196
0
3289573
845071
13513170
655961
1758947
5032723
156378
221417
132019
10985838
4122896
14249128
2354788
89105
694410
6032954
14952547
91278
26207
2095330
5822654
16618
2925946
2054293
69335
0
424421
307316
375961
273747
4321683
2528718
2104691
19329
27066
204638
24942634
25357
5778339
692456
3256098
6724403
887977
274132
4691281
3769514
7187027
449696
131497
301347
4128135
3684823
4620513
7170336
1557537
1647421
7106
18614351
1472661
2393237
4058013
3698060
3038579
0
1036391
227130
16266
159763
2325632
67988
5153986
2243510
27570
423751
9668824
9882126
0
68435
1485648
5354359
197198
9277669
3358967
491949
4614835
8853
954728
2773635
262718
145139
66845
4811967
862900
490360
171399
1151856
8658071
360473
598972
20585362
5406738
1061874
6753085
3844732
1248239
4681
8159280
2896387
146199
1761061
4789174
15243362
2022858
98103
1100462
934611
1003668
524190
3458792
12305519
5559392
1886917
19789504
2338169
562092
471801
4820608
23414425
20728
386837
609159
3156821
186510
5965825
11248
3497265
614451
315519
19988754
854281
3715862
2357482
4534910
36723
48298
313341
836886
167023
175179
1321678
130997
4029460
636853
13322061
263119
1134763
1517854
0
4584037
3837763
5481106
6114671
6378269
326508
14950680
2787127
11107080
1628861
1802008
1368122
11279265
5058765
2932007
715949
88128
0
129640
13960560
15012680
12472718
3108353
46102
2908402
509051
1245267
1128527
3834665
168943
2450543
267012
35147
691573
10290094
1099452
23764
2608035
1688073
29774
7621238
403182
143422
934017
172465
2720645
18063
3728307
5393640
3221326
17552298
152350
20820915
249272
2976206
32821054
6826961
7298936
2024442
5645048
5526543
53193
951083
6947861
4021310
10831322
3318128
5618063
1071066
68708
0
11692381
971406
11040980
4782821
1988598
2251791
2166426
6949371
6187088
27518
4440497
889064
282715
211853
35162
864990
507982
3057547
31238
802974
1587715
2911061
97969
4011570
8610057
8446030
61071
24504
90773
1949481
869057
9739215
12139
7461834
18044
117762
1725323
868782
979738
3453463
1687030
701513
95615
11736405
3047209
3536932
459299
3548914
0
1839103
564904
563290
2868273
0
111017
1586446
171136
988029
6557735
2105337
177690
335448
2722214
134616
2820260
1555983
2745222
2155206
43720
1514334
535590
524488
0
806680
500671
0
1418899
1547581
330959
915223
46714
1671468
471117
169729
7288333
633490
475318
58645
4074783
2880752
9395951
7923
2489163
12664101
8192511
346977
396197
2166984
1601570
3525213
1066917
9132423
75599
497
2351970
10874725
1858235
1582665
1974765
290577
3535283
159993
2987558
8969627
419466
501835
1152667
825466
136803
0
205936
1203412
65564
465676
23375
2253208
42213
6980867
3989267
2507722
1288762
6607777
34771
884539
3979041
10341825
15078
4645933
58287
664607
4845914
781416
1253088
261490
3021874
1103337
2147591
5477797
0
1737144
806022
16622135
6490
1754653
5287633
220883
971946
38308
1469771
610275
8160146
582917
111585
2656643
3055334
142360
1331989
27006345
244471
914034
1833274
144703
973002
2420147
574576
1131405
3048244
788996
10103482
247818
20171
4340429
1124692
14618
1992254
24393457
542385
271504
4652568
91636
224618
6928225
313612
1138832
535352
1380599
3179426
2863030
4336140
1284441
833481
2258369
464332
22702215
400758
0
616371
3223911
204609
558383
2553674
12813897
314423
15554
490254
170498
11341964
1628457
438428
8620125
1818911
2426124
5458653
4571080
12903235
2241095
16147
2770852
794228
1995092
316071
1288776
8706975
883566
13266
807996
713747
126080
15817
3973212
946891
78135
615272
19782201
6993275
879056
443043
6933309
2116267
1416561
2647989
46676
2073792
241330
175281
11983658
1148641
4792660
499281
2922687
2451098
50409
1018406
11409550
5315821
986908
3606110
4777389
182465
36393
1805155
2519477
5321081
1660091
1567994
232762
121793
1972636
1161317
6333100
3107268
1000449
3122905
240322
120224
5672893
2990793
1329775
3602512
350165
493204
1525523
8809
20468091
1531287
7667116
6295644
306283
178149
1026962
298450
17559
1139406
161424
911593
25082586
7362901
6763437
971447
1050212
133528
104693
4361055
6706327
287892
4992758
6831027
345840
335191
15253757
847840
22893216
455922
318757
982388
11253708
0
77651
16811
1163577
90759
149695
3269625
479698
612533
7612
583114
1934540
638223
5803075
4271587
2444332
5859815
2520342
10281116
3738019
542429
33709658
2541479
15088462
404048
17733
174757
109044
158261
1605499
2021005
1844175
6697426
17411882
5428722
531135
491373
5634897
1664697
423085
453767
7235724
63414
1149963
377258
4285699
632674
1196998
12548054
489583
562228
1305311
505281
825045
223664
182584
180649
284474
2293472
1764110
35738
7349874
20439
168975
521124
1876376
198022
2723101
14313618
230038
6002304
136737
4533923
104540
291189
20821212
9208928
128986
1395944
329009
183173
10529882
2394412
1599226
1822035
1012246
76185
5511261
2982086
3474045
208403
3957446
558001
4459794
862939
16863872
1934467
1585679
338692
716070
1536697
503120
5153650
14721
1380615
35252
5848063
96269
156308
91421
8643352
6819209
2931601
965736
4964130
7936127
1421445
5095672
344877
3635621
0
781
945210
3807524
938607
65245
17501245
947152
1530732
1090447
62963
737490
2254446
2025666
1556543
1642622
27045
1945822
2990939
8376371
1755385
1184494
5036570
1116424
274993
261170
97105
3363757
1151887
5994272
1227873
17381949
3687679
2154976
929800
109248
491373
1455056
2501915
1523454
4288623
1170059
74775
3929117
1346772
5379294
147362
2453534
1987448
6583050
447406
7378286
4056117
920950
64037
3918814
1780154
1354387
10041295
2894209
4258755
204811
879474
14180773
3841844
717184
2570284
2735317
920453
11328185
5406675
1436
1331128
2060861
12872459
7147691
15610841
37757
944239
1428771
4891684
463046
746787
183729
1701112
945419
10017210
39454
321065
576435
537672
1883726
493763
388066
0
1917173
9828
293881
234411
1437593
87446
2525180
255884
440163
13865591
162214
5945201
0
1441284
630814
0
2391728
5073058
24141
67779
904918
4551437
7095449
561745
178812
2111949
3063967
6073617
2553461
174712
2508133
1857945
650883
3831192
2670331
2708754
15420168
11595
3644468
433226
593282
6995153
469185
91030
7953242
855237
1018381
7609172
233261
2488537
2635759
1763198
75621
5215
494341
990870
747400
5914868
324048
11626255
3400052
517737
6215260
13785220
5848485
11940
812704
221660
2722663
3758732
2839245
2082266
885185
161182
1223017
9045466
2756677
11253334
308811
840389
599119
363174
1551242
4475728
513730
858473
1511141
292898
150383
5958886
441915
18368951
4396150
2009131
2187579
2060852
91952
640406
11812536
5469554
6852684
159421
145177
3404116
17427
111001
4060353
1510744
4210420
33082
1629296
943955
82936
230955
12216756
3759054
8391179
1482658
248275
5381888
848210
2622730
433814
9597
215740
1212894
155253
20500251
139908
2387084
6420843
3198179
275767
0
1096597
2752790
5419233
298402
137273
44855
1101218
32246
12074344
8809714
4671342
3736705
4294303
89613
775734
588978
2289
12670901
1203929
6998315
6335283
1109776
684527
442955
1147779
113120
6903402
6489369
277952
642307
7403265
5798980
6152
30340668
3908711
174662
3468914
37923720
667036
112224
400338
97090
842793
4091939
9401124
7972386
20905215
414203
362379
5299674
412669
28243
2222504
2583824
6519234
6870693
23920
8039469
268245
290430
13136375
85028
10673725
7903777
52002
16218511
803333
3169657
59108
6872497
909747
2063303
17038
1275471
4747708
301350
717455
304764
157009
2069030
38640
216602
144109
9399735
12867
26067
1124458
6279358
438502
25017
1724974
208421
650894
75154
2477686
1726547
172165
552183
2128014
1376209
2360742
1297176
4648459
140776
31449916
1198831
134757
8106879
15068936
3863702
85786
536926
2347458
5870833
2037441
2582832
15335915
85028
4724443
2276934
1335582
9988148
931031
554401
69044
985867
3066408
380871
632386
813681
640843
14537137
7513041
2973800
9553535
4088160
13247261
1995140
4620132
12973859
90515
89957
1432447
439528
478658
3622738
12260
1804371
4197444
3637258
431443
6332270
2252807
777468
1107615
358826
2324891
4664670
11691173
4528090
12216
1622180
8000760
26520250
171958
4233658
106693
1048149
423936
5302208
9290339
24105
1902624
417435
170483
7367902
1419166
1315237
1857701
12187323
160269
5575270
1655439
130574
18127844
1251795
2970515
14534
667428
672997
4856470
17378
663753
4490221
42487
453818
112220
226359
4077416
5044432
2502441
2517583
1329266
86814
15218489
156328
294848
5833923
36521397
480024
5564664
102514
756504
693961
2848206
9983
796631
7415486
1725671
1187471
2938096
642123
925024
804622
573908
857377
120683
2786407
870519
7486447
98541
1849524
1727143
3172805
909343
992065
4793943
8087169
3377619
903640
1483479
4413
3282091
856633
281537
1531288
5891810
10863528
275498
18449004
71828
537748
17933
1574212
10031558
489835
72904
43244
5082220
6966555
288719
7949006
2053154
430621
11634815
1953268
2598023
3601
1806420
31136
8942885
1099104
79965
230314
9646798
495298
41628
20743792
9378
319474
883266
304273
9580269
569122
3185916
708469
19026953
10933710
1077163
0
32393
208763
146760
2399393
1813257
522296
384840
45296
5050597
67448
895243
26096
0
1479865
2161170
4197977
1263820
147578
2911599
319663
2059374
3928833
4108
7208759
123939
1967420
1429910
1272805
2574726
1241480
9512392
1524182
825539
2443450
5075199
658642
375830
10155193
554568
638488
2777778
425004
6469607
6167673
5610676
320515
159925
1805310
1211093
113854
29011
1142835
32644
111331
847589
3025146
61179
4125778
961351
8488
1948047
1918572
684681
10912726
120819
4151073
6425421
63284
1672726
3765982
1943334
760518
735365
1145382
3341843
672435
168919
3482767
3222841
531424
4160250
6776
6279349
20502939
1310608
66793
3035350
574636
235182
6118800
580089
4554627
236459
963775
2619186
1998557
2481161
1215550
3008686
1864565
340863
239442
132795
70633
1486524
344653
1440225
115599
11012796
0
3888124
100565
3230701
5122650
2306516
5210182
1056301
9738900
187452
1575929
2717837
55103
533431
1218850
100623
978419
331526
2223953
1878967
4689658
9790446
310307
142250
690947
1830663
3316839
850007
813346
13854571
486248
8227203
649268
5024336
1918947
2285684
2371514
1773392
9503539
571180
5275034
8433399
1854936
1108307
10844526
13399828
26115370
14013667
2416888
1062294
7771630
420276
150895
375171
10763809
144832
851203
3228714
2728931
2986070
63916
2857796
9927327
13622400
0
2126350
28598
912434
1646198
2334475
436639
1300547
727243
3427161
4992413
12174747
1922302
119255
2211669
1917379
600088
8259680
193173
1506565
3799464
276119
4655671
2404257
1090408
4492767
11914555
1228396
654168
1076200
10139054
327432
4672277
2756211
81037
61147
4690111
15087874
10971949
1484935
5665642
3476134
2787528
687551
708430
347886
19734724
121030
294686
702305
12411358
620937
456301
41306
5320720
1366772
4916263
52070
303074
367894
12533569
150134
632294
221628
7244990
1299605
14283962
3119228
4061675
172050
153783
13126212
1628489
217666
7506734
1434146
460689
1109792
6837778
3555426
253827
5233
2933323
16072350
768344
15471882
3172440
4363214
12023874
13529066
1602591
1169465
0
2795730
1506048
4206936
3625057
4078708
896522
4685718
706098
15837914
248775
310574
5721254
16113
4522152
7535056
2329612
39948
14541395
29526
11772253
4877007
2069703
977830
381660
15622648
428765
31825
2003849
2047390
530975
576510
45263
6693
4946737
16881558
950903
191168
5183014
4321745
1140416
19223813
81061
112885
1783018
18750
95031
28124
4010
1918519
27019537
2799697
4124878
81862
9072538
2570268
479599
252568
33976
4212452
6832595
721706
4150737
10809357
854893
334648
5634900
5792650
11032134
4467466
410248
14763424
916966
168709
664207
102471
289799
17160
3097799
163545
2288772
8462353
237950
10402
66073
9495698
7010559
