4817
5843
0
8750
0
12822
0
1141
0
0
10851
0
0
0
0
9222
4536
4214
14223
39568
0
0
4214
9222
7957
20631
121917
6702
108098
7861
0
92490
1629
0
81533
15712
0
25386
20667
34891
14622
11678
0
11894
4786
0
36807
0
28008
0
0
31301
97709
0
1629
0
35541
57950
2179
0
35016
417
132833
16479
31068
37712
0
0
0
15282
43286
34361
12075
147156
6165
2179
6995
15998
1629
0
7861
0
17293
49862
0
18542
10247
5940
0
79013
129669
17786
40294
9925
0
44
57949
417
2492
9495
0
7263
39067
90383
14223
9309
46845
0
8074
104850
11581
10794
0
86929
97925
0
0
87030
109982
0
42959
18542
25738
11530
0
26824
2677
9805
0
3702
29690
51305
14223
0
0
0
0
0
3704
8664
52528
27548
55063
16729
18112
0
0
9055
7861
35163
25116
5895
17551
272401
8592
1697
79247
139708
2630
0
30723
11672
8889
0
10517
165
21971
0
16920
0
30770
0
30119
93808
277176
32374
220005
0
39134
5940
104709
83194
38834
10270
112523
0
0
2732
0
0
10307
71878
6542
20513
32550
24070
52125
126096
0
0
0
30708
40186
63974
0
135229
0
9900
45323
150918
76955
0
332788
0
26646
85146
41614
27461
13030
18299
0
37564
2263
51147
0
13477
47194
0
4817
60347
4424
164249
1666
16919
163985
102054
7570
138505
10709
126211
0
18868
85239
224905
22952
151150
113751
14263
1606
19179
127207
74801
67265
14849
99513
13926
47884
3901
569843
48505
183809
429155
48322
84468
157832
7861
92856
10640
0
0
32454
88788
66637
15481
0
14447
0
35018
93126
63975
8022
152866
126694
3175
125999
18218
514601
2065
258361
378155
6660
71908
2049
0
0
143596
412276
0
80075
0
9648
71230
3521
0
104979
65503
0
21189
0
17090
41153
109397
0
24547
0
8370
14899
38751
168664
25559
0
36358
220518
309220
153073
0
0
0
23577
222251
0
0
35571
19873
6912
21089
35350
0
89528
0
0
16060
35172
101964
16271
50446
126488
18005
348361
0
162356
33764
30529
35532
0
308369
65466
64703
15493
782273
444065
315197
61372
0
0
529135
44822
0
64568
395160
150757
66809
73353
104903
25223
209928
866108
8801
45814
240058
134926
114649
0
8855
176883
417
194207
537647
623846
79861
528342
733903
16434
301764
175954
56982
103294
11342
71044
11757
361389
34854
10498
0
26611
872764
55681
0
0
53158
31390
658778
42852
553014
72450
23948
42478
23086
74337
15212
3634
96058
187112
48546
31990
85728
0
14983
86117
46972
94581
1083625
183771
516057
303421
0
916262
2263
141627
10496
8889
178570
282221
118838
40894
6819
8208
48356
129948
24279
180112
128039
390313
81983
366038
43326
446430
0
22147
42004
40505
0
98507
669476
42845
0
2874
256262
112895
288389
10654
98175
99847
28447
30891
79149
231625
4675
1560543
131226
23047
70380
465795
32962
203378
76385
503805
64138
375071
726865
173397
164576
2137
431547
23749
332329
453425
41010
75804
123740
9256
64798
136513
197723
49828
4817
371385
188662
46898
745749
293219
120936
20936
137569
315130
1138409
226706
285870
268102
11683
114004
243259
0
225029
157011
82303
56376
0
137582
103655
2159
81695
0
156059
170232
123019
55249
36343
205573
124662
364142
64956
219904
0
2492
78483
186085
103625
8135
0
5477
699453
28777
1590
169094
397317
181844
447216
1034197
230421
4536
182797
218444
169705
0
213707
17134
256115
584
345990
15996
656939
135767
3376
204330
28688
53323
7055
195645
6381
278431
212192
42581
25090
9681
2370
415227
0
32259
469990
311915
233179
50197
753602
334778
14516
12535
0
24337
81097
0
697007
3097
19886
0
2340
6912
49976
1232585
1072938
807176
65369
275637
39639
18746
574
541240
0
84040
105739
17433
320347
17186
19484
102103
441536
488598
151413
92444
0
156598
47820
244343
902965
28816
279997
0
201781
4607
18476
89614
91684
164663
54553
732146
37422
526777
179726
4654
12995
5477
33696
1724355
238036
140179
1224
775978
348600
0
571764
24022
390575
250271
22720
3329
650715
101887
299895
0
164940
14008
103467
0
4817
102212
4644
70363
1025695
0
119107
2008390
420017
458378
270052
24806
218884
254523
0
211224
0
351291
229555
3859
41048
92115
385293
2124
249040
71770
219553
276129
62554
43702
28442
26689
36745
292810
98788
216392
23393
6819
1480283
172040
27108
0
21340
94371
1341781
1532552
280047
845521
67509
429165
599118
103265
1061655
237880
5895
135877
236354
270930
71805
39497
505808
112420
8472
476335
7371
1251232
106697
87754
1263817
640204
512633
16033
313119
244693
54750
574
32176
153207
868408
64997
306965
9155
0
26672
398359
1151342
162184
111170
482254
2034
20224
142570
25519
568959
12143
37531
1494964
175531
73374
969647
0
169160
3634
899062
1442252
419683
245881
0
0
23335
24334
395593
194663
0
2180263
981876
35188
413924
285589
1258419
69479
313432
1156232
66204
42338
534991
50190
9403
0
61202
26504
23827
178881
8292
0
9442
1076776
4651
6402
534232
58939
83972
27905
70393
24590
0
103336
181211
34862
126838
0
39318
78964
11890
427192
168689
6695
5409
321446
1586018
237694
9723
84650
0
425964
189743
132303
56031
28227
237688
1932905
271747
156737
324623
34030
1808405
92754
59510
156032
24234
1175188
92345
0
0
236456
442999
288928
299977
506143
57449
177630
285001
752744
132098
16704
39613
106218
1090585
133438
370985
146381
171160
2474517
786774
21529
855468
747691
332102
14168
209552
574
5581
316093
37843
393566
102851
34569
774568
0
10060
0
210992
607680
108427
157086
29472
3373673
167816
130862
1211039
150196
218451
1353845
10317
227899
282225
71235
157040
505492
8354
433301
38660
589148
450582
0
0
73665
2047102
19305
332550
238996
928
392759
1838187
522995
379094
56537
121656
413177
501549
103551
174768
125725
205110
62254
99766
24668
388234
419211
4363
206848
0
147237
0
121602
9173
556083
8235
326700
33563
249546
90791
63138
83039
78462
100303
208117
94134
772455
22920
252824
0
17244
84991
54241
79439
518510
2574
137536
221401
0
9932
255681
376426
0
415968
694472
234578
45651
308108
10369
144511
426837
220935
94302
424883
329111
15853
63986
906696
33877
101915
546112
1000480
0
2163879
10688
242486
32023
620289
423466
42369
870842
31860
67258
338722
436858
237425
284016
305903
2034
246540
82474
1723111
27439
159945
164072
1261783
1053044
11162
105789
209288
2224200
711190
176530
0
34157
58773
2109629
12566
172250
1002448
319983
315052
32173
658750
131120
24033
25577
238780
1056047
60218
0
34282
257594
332025
130015
54166
592209
13918
759464
389000
49507
12097
81287
408024
8401
2043110
11402
5989
42870
733168
47785
148840
527309
156500
63135
36194
2786617
568025
1456031
0
5131143
165
5219
55120
434982
416566
1347366
658078
2185016
140688
3693
1058688
971792
716756
652313
119419
442859
854066
0
406752
244997
4036767
48082
13751
8316
178414
790427
1819341
230329
1003240
445935
928195
0
14181
0
3118
635352
215326
620808
1062686
2222237
1819879
608059
4786
60960
108698
495685
978783
189590
664086
0
106437
920376
44938
110625
1322787
139027
3832
651388
219464
609897
26118
282727
1431230
236382
77399
1177653
204279
9447
3118
194769
126137
1476595
94315
1188638
846162
1970914
119511
650218
133315
93575
190472
105584
2009285
26794
155900
410550
284954
51202
102859
86456
1410616
559291
0
2031666
161031
1901668
384556
119720
14714
1015430
1472619
978376
359024
119009
2180018
88672
2578439
81835
946312
0
44114
8145
270884
25568
1480997
305870
630387
0
1057858
171626
98229
15216
59769
424035
11552
1612645
556503
514150
1913348
54734
787203
655094
194353
2478161
1092511
1801451
33652
922680
151053
1584482
722437
65017
0
220683
280656
194005
139659
59937
100978
73961
500967
96167
3274740
37768
301262
568812
1924269
823615
23318
62751
101480
660799
935917
769536
121132
1197055
0
51330
211990
21649
441773
463569
85432
0
8753
17797
828736
371868
230856
42402
23406
1015898
47602
65996
1262596
22736
221804
189300
198166
82191
27931
1632789
0
30640
57659
10917
58577
574353
250095
131528
128445
3302247
571660
1975887
8425
25925
476230
183307
14774
463579
495
530944
4817
756010
126491
7474
90896
3353255
38352
1030642
40655
5259
1050090
199878
1658196
808702
274755
354007
2345574
77319
972145
7839
2030565
498981
69851
36747
691448
1170104
586009
0
41486
95865
36176
10427
116781
1518575
38453
746848
9922
33515
194516
165335
0
191227
68404
27747
645085
829482
5742
29410
85286
343970
367558
516290
133503
0
190535
829047
14648
1837477
156345
173401
107013
1077763
3314167
54065
92605
180112
0
406572
467669
95654
194758
2521150
98710
30908
898196
14032
594053
158199
283325
0
398786
9777
1122804
3016406
4423602
439930
31296
490973
35069
25871
142602
0
334212
308567
64157
324854
208731
50627
67037
53025
387906
110310
225980
6597
1360568
4786
220591
50654
1947514
6423
22622
390561
18448
9177
83722
1505295
0
15423
16451
643596
0
1091534
294067
113045
154889
1709378
116697
3380905
14080
165732
233414
2271264
233295
23125
4423403
669980
102299
46510
63142
88604
736228
0
121400
892410
345014
83843
28966
1274795
502376
1650908
176159
771210
2310462
1027341
481297
967019
790925
14502
46253
119901
328166
1327476
18745
156129
993848
178504
83741
52096
665372
172948
238709
293540
2298148
133349
63106
293714
1565306
3477161
1518699
1000055
2318246
76971
172278
54029
435898
24918
886883
1007836
51173
195472
434380
1714690
35805
290006
968482
738709
4391514
446743
112526
12371
24141
2042897
1138927
348775
9595
1872433
212149
550508
254552
350131
186956
1445422
299913
2068999
451772
77478
9893
215919
1335669
141298
248957
556900
33362
2015143
270634
20827
369572
192516
34784
1902544
3114336
158082
432180
102443
984076
3008111
503223
957655
113969
1181287
814143
63730
1341890
215446
23104
375782
0
2045904
45167
266593
319152
185529
144450
16502
620706
2155274
0
82469
160824
634559
274406
254734
622182
4570608
26153
62453
296672
265312
7881
231589
51805
18686
2646934
96675
1806
30558
13980
189680
64104
881144
87233
403866
53073
61284
320871
611754
76090
2881010
1109041
286612
0
122302
3372
1363069
162902
60625
2685728
1005951
19113
365631
178839
522795
17209
5506
20350
309305
148512
4429
252925
292286
778
1944300
1547083
156802
0
116624
0
9704
602188
590919
1005459
593148
5084441
61017
160176
22258
839274
0
706682
31545
351336
0
19365
35293
204212
628256
12918
1490067
435558
19068
144990
3015464
935969
333667
157071
1355703
310319
856543
51598
969498
650270
83729
22398
0
845906
737061
441395
38055
1126283
294545
1978023
1434061
1594951
252003
42278
3927630
192127
0
606005
263805
402901
1697
5531471
121517
16821
104335
1023984
208734
235619
1192829
437809
120126
3188483
65228
1139785
110212
689051
849362
463462
168532
291351
918556
301335
1767682
465504
500926
133055
129427
435627
3772
1738194
355264
216491
855696
421153
30983
85885
625043
1441960
26299
97515
873119
114999
68738
1869489
617024
425998
0
52904
19172
72231
19326
296350
567435
223566
818086
0
124993
174974
523736
1473284
442088
376727
219048
63049
162859
2220284
488134
72159
967153
458055
134460
41995
2996597
3016739
437249
1030539
439090
223
688574
138313
583583
54573
0
15250
3029128
11445
0
178852
1009256
821905
322235
2078645
325513
0
148848
231531
103776
92202
3565497
134823
934989
340845
245102
369267
1676741
33387
697004
162631
1693665
47633
665976
423746
102562
58307
241034
23410
96240
4491586
610662
175262
1256824
1681916
45253
68344
7918
96351
0
27343
0
153707
121567
13288
481837
5858
1196868
195234
1103823
235632
176502
25869
412325
179696
36719
4003948
1114308
382076
1504
108967
310740
778157
1996061
78688
14328
243363
323258
3634549
0
232072
13220
182208
8972
1062558
2773484
313758
31799
36329
1989879
260942
173133
305452
2002252
100578
3013083
346552
747372
3231769
521353
38946
1986935
37093
775215
207015
120516
13059
2996366
887539
468083
16872
191621
278855
0
126165
1300949
266141
0
1383500
485089
271085
14189
68382
2697974
4600939
632172
523850
1093154
1871718
259281
2595974
673713
25755
1022927
28684
344079
1790711
679835
20143
0
202785
3704
659158
740910
3183328
105045
838478
903324
102803
240097
925429
102202
220700
586059
139919
307849
2812
1780574
18910
450338
988195
841486
200812
16585
56089
24400
762832
371249
1018026
1415856
803336
39960
228854
248010
1175462
530509
315653
2227
14997
771112
725766
473288
1756621
96948
119726
937191
422057
1840253
180422
76450
385753
110271
328500
1303627
8807
16470
370433
575148
603127
18377
233661
336778
2265144
4114497
379602
2835152
227518
10181
8548
224042
13374
66073
119374
27407
3956014
184828
800466
249226
864357
1310878
201935
694177
1327360
193496
927630
27639
235595
2098119
243291
1055093
552529
178108
461405
2356623
825383
200623
96890
1063000
272360
85794
135267
2163911
50609
241169
120527
3233032
135735
23863
140902
2497230
1265298
698979
186300
1341987
4512861
486079
3946
1246893
126210
86687
919035
688387
862901
116808
1027388
421010
0
44423
6952
253497
1142513
245950
244803
950332
1031892
0
118635
460402
8329
821708
0
28431
767443
221489
391292
2621119
1680
102722
1828255
3390423
1261547
0
610302
1112829
532024
487434
424097
0
44714
133224
0
449226
1006829
129091
192325
340108
1137154
31710
0
389486
237857
120411
5860440
264940
1125573
117861
0
146672
117799
1502681
151833
56159
73825
20929
744860
154756
14121
166852
23477
1615922
415237
219680
109895
1352222
1605801
642212
61586
2121245
313870
0
1020827
3987162
109212
1746651
2903
289960
323424
2436713
4103
12640
152257
324761
65468
0
1063518
255576
66023
1062285
700483
600829
6091
0
93049
175221
459512
1038615
205650
0
0
990968
1098844
132549
292844
12829
6841
2320838
1024011
1395944
77478
1216419
23921
974856
227864
537049
92906
550609
37032
7845
146536
588669
117762
6097054
511540
725445
33194
150126
78670
520918
63522
346635
125920
26966
433850
23774
0
3447649
413143
696659
143084
265073
2723
3478127
152925
1687561
3127803
67612
2889501
4828052
0
768368
2637
76479
295214
2389706
359352
97597
84294
272166
22566
501931
65172
43371
2456017
34129
2305250
2725761
30316
2562266
100831
77888
180281
384188
216898
65884
401710
0
860637
670646
1060
396488
1345388
0
1851128
330478
169534
8425
1155719
394188
2211716
4786
303681
127967
74562
0
1656533
7936
87067
114229
223586
345239
192953
160115
2516776
18633
699674
1523882
2342121
1332943
326223
1091922
22795
838163
2723
12703
3842055
295080
0
711093
149412
3459897
57959
4275821
4314
807758
766698
575357
381636
27738
448487
1651085
54299
1873515
1839259
99835
243272
253089
2023413
132789
2935210
261259
1935879
901647
113829
3840167
46075
5010342
58232
6833
859151
18352
357302
602999
2516202
2750320
3599644
4460999
1056013
282296
113232
84410
277792
114851
459900
152682
1253769
1311800
34051
1711252
183164
826049
1033114
34423
1383795
967042
2237897
971099
144428
26015
0
21904
10322
1992771
1057256
6741584
400306
915948
244103
143478
2693300
5759
3785062
212669
1170536
0
1033524
20797
701732
422082
377064
533362
2166853
2249113
364919
587191
2542
1843025
1667251
222924
320781
551781
790508
95783
1180836
130668
127907
167358
78035
8826
1533501
25199
979006
149492
609897
1121386
344321
238417
22968
1011085
70439
2412201
69398
33150
32617
805895
0
0
144259
233488
2530191
3671613
56493
33858
392352
153489
2049
102538
1623086
2249068
1524426
496657
1276738
126897
4162939
19981
171925
665326
46061
165849
1616419
589084
6218213
320618
0
1253906
3879889
36038
4257637
609648
0
101094
141659
4388435
44409
698570
317362
3828459
413254
969941
235945
84171
298177
39269
161948
145318
13743
423954
3941730
4777
0
36770
23377
0
345052
259046
22763
3436168
389731
123953
4817
1250066
2634242
327329
222661
904485
879022
58584
898667
2577169
413816
11671370
3224511
2521726
650215
8761849
513921
111539
672113
1557051
425516
1073091
52254
704717
1171588
84159
18278
1304805
23064
340423
220287
134684
1100072
9479
111764
9367
1590879
11869
70625
75027
244815
589133
481443
308406
51879
1111312
105243
18823
1207848
1660318
173212
197116
4320008
187087
1726305
35534
418581
78993
106696
166481
112037
272661
616613
63696
4549982
1732246
121288
24538
1745106
3225142
5580978
52132
5808
625628
60285
77348
156498
280534
2166329
4073165
34694
684233
58230
3053718
95744
3176854
5037
145660
446992
26108
3055235
1572406
12904
89940
946437
4021979
0
157537
998264
1125815
7316
2203596
46556
934224
59951
953769
2740528
6942747
45890
70016
595133
1097235
2731163
13787
1661313
416083
1141183
452526
629586
199519
9580
4454567
430315
2406370
2530532
166547
66168
49558
0
1798105
1624512
75640
254024
8516
136201
5834710
5817
83496
110722
1519976
212702
0
342239
79606
3051134
6560197
34967
0
206086
736669
175719
109729
8889
1989715
1611574
1098791
863904
6712924
1889187
89335
461597
10517
1641352
353107
229002
7508018
159407
47728
44875
260788
1740558
0
351450
0
640375
536672
986548
44235
0
797044
31234
2251415
0
438147
125817
172853
20851
43363
3664373
59487
25912
332580
43866
2593280
68866
5106
89478
1823616
1921887
627039
1167527
2901841
372869
35184
415109
2423625
106641
3704833
11776
395496
216261
0
35580
963582
15145
38528
5164
406412
2297
814609
460805
396516
187023
44096
172616
306439
34798
73659
0
117083
48362
2585545
1415832
2813211
4196422
264766
4613
126098
263771
1979134
1322911
305689
86750
2203102
733584
0
1878063
1452720
1208707
348089
5681839
1202317
0
94125
1588817
0
149410
12488
977597
1471329
8441
2502188
3164057
240574
91180
47893
1490277
27979
1811465
198993
411809
259968
1826855
1320676
441327
537665
199129
263084
1185229
0
1346802
3787629
1966868
39102
1385331
8159
1597012
68300
0
10277044
2512308
34479
7641
100733
5422660
7872
1358293
13241
449731
48389
1010413
305723
98674
11422
1916544
1294864
4954407
5695226
924983
975182
379982
1322932
863658
0
20334
135062
2186575
2689463
51591
0
764452
607406
1623942
1512397
893893
925433
1879481
1396704
796560
856664
717263
719266
278291
2791478
159314
219209
0
253851
1835303
68641
2477748
225239
1344086
3773159
51524
278828
16377
5269717
425697
75595
1145441
622245
220525
0
1924786
588819
159308
1069186
517491
144805
367352
188419
1053493
53794
268613
190644
64318
874859
210758
121792
297738
0
2637639
73590
66766
2631182
458591
584048
1101171
969696
5952
13921
821381
2715372
59760
2615848
4947298
3757104
961222
194341
70515
218268
2002905
2435766
2131246
198752
35887
936617
23650
284649
163073
284235
20875
870898
126277
11247
1864268
1195216
394301
94966
2872
4947486
826569
0
2374584
1540740
209673
468552
753505
97962
1252336
0
318376
460878
12777
3498490
508680
93281
652057
547444
884881
0
263987
110668
40641
2473672
29651
152900
0
14933
617707
362797
349794
55640
1636297
1249282
3425964
107348
509435
2250242
3465419
1138163
2656
575916
3813006
3431145
0
3996370
73557
2123573
168296
82975
62250
70306
197473
141302
1233792
1905248
4812925
53375
440331
1586487
436273
339939
57938
599792
26411
365682
460762
1340
11032
1613878
853881
1939324
0
620894
0
646203
204721
23140
556624
573795
3109180
654634
2384605
126979
53814
167464
265472
836431
942250
117059
114600
2014540
44293
455341
74452
177067
790008
0
1320964
571473
27381
27121
184963
599568
576983
0
959161
5755
230122
8255853
916252
0
1734684
20706
550991
60134
97452
1304858
198875
1083085
26408
3445277
2173998
185942
466274
5161
35856
175688
3053
35007
74901
884477
2002443
1334619
172821
1404495
1151078
5395219
1301265
415634
26562
3242521
21288
372841
2115372
208459
611037
1786807
518993
75813
4594273
848931
34955
570018
3105045
1075714
23375
426005
552837
904629
14993
197810
191915
738848
3189837
540292
199883
1174807
1620215
122467
0
1500415
3201786
285732
504319
289721
138962
7505097
591925
748833
124721
76805
1754347
272907
133774
1957861
171691
343550
161568
46027
175112
86598
114968
472685
3161283
1027441
3408401
6420122
0
2792696
1233835
849279
64907
168072
90417
6737636
3985765
999734
8145
5210069
349248
1305793
2726491
590959
833548
622969
869719
48297
190900
13009
2057466
2901183
46991
417695
298247
71926
502668
288135
198721
799979
0
298111
5809
1233277
561099
27647
2158676
114278
235616
20715
0
977869
18329
386551
468833
296528
431987
2286059
2410239
968689
2961093
1004163
161868
683523
102066
515445
0
2816842
409363
4242
494914
8765
749448
911598
2292934
6000
2260204
4520714
606130
701015
377036
1050847
1913672
43375
366706
1176729
536859
540925
26500
158920
315628
2029760
797087
4057417
399001
417899
16986
650785
15380
37185
9130
747896
926742
511646
347317
47009
638162
1382896
245623
147427
21130
1026926
1789581
174900
717636
723229
82853
316815
91313
292741
1611062
36975
407081
640713
75651
91545
3298515
4338
1013432
492545
2172739
951505
2603013
6241
118639
2935327
1263277
0
0
36543
40246
0
2028181
634553
3448719
270575
2702946
553864
26456
6625
29571
1835675
968512
531925
7131060
96324
39451
192857
3500082
1182785
145714
9988
150680
2041653
1910893
1335505
411070
3790992
195930
8230597
123168
566401
135347
1780666
873765
912831
6950994
626675
429538
1039077
164632
1926799
1381203
4477076
584684
1404392
2581114
788460
35262
830629
18984
174086
10527078
58914
340267
7495223
57855
3833591
0
1347503
2421671
1307794
545275
246683
4639380
1456714
90526
35921
138664
384862
186442
4433881
375649
1066621
2433440
90747
904803
206817
1499408
48813
2741472
212473
868650
575219
164795
546715
259804
171596
881596
128206
1729221
7552
29607
216050
240178
162338
0
279708
1117438
430393
3067901
55632
565626
3758935
0
342594
1480480
2758885
164664
615164
159326
252857
1402380
202077
185897
71123
2117344
4606739
1632104
477282
47387
676195
6556548
0
6444589
3227308
143991
1385503
1229569
7481849
439937
1740
2668455
310235
482735
682447
115741
63381
1304195
1358486
20759
42256
9412
4239046
3240443
242848
2738693
1399419
1355464
152529
739267
261577
3250338
599020
1807328
624753
544096
77223
20928
349657
1382916
94572
2170243
1567889
140843
421698
5673795
749777
108774
50374
3971193
513405
1496113
1512528
169051
369301
806894
286395
311277
1262030
1675610
348099
611708
261268
994920
18151
224329
94400
511163
191176
1008164
833428
281287
415294
6427506
43763
681612
1120223
539117
387624
2405183
442108
108296
242528
19090
354358
717717
45867
1122077
320995
11232403
4639589
412466
512022
991288
276169
701484
462634
207795
129396
2304408
488226
12640
251797
555
3219592
2424643
1516710
4642833
34819
49124
26232
212373
2779801
3354563
1259106
594393
904644
640725
1758267
42471
215191
122558
9781
5619688
0
7025
8147983
351265
92254
1691004
947137
3610436
16687
702164
728991
0
6253265
1144872
0
58864
1611083
132680
1300726
1996356
1098413
1717139
679185
2227052
756836
1099388
6787
41109
3945719
50329
106410
37025
891146
616524
384234
213814
8587140
162985
715867
2090850
209680
1535676
220308
179955
2412596
12803
2016896
2352767
0
3777228
516792
266591
3487264
231380
1510370
1197190
225990
14601283
9479
74949
2983203
3833319
969728
1018381
595503
94429
5684106
6871
2544182
1818753
23213
796300
113583
311231
4059176
969568
4529427
255997
111918
765370
346425
632589
216325
260430
4956
4447080
966249
34532
9205171
5488619
13921
4147224
70743
3067955
3960
435659
3236915
36679
193035
376955
469857
1133143
57601
3629515
4029758
505646
103190
818213
78537
1351736
77433
3116
763301
1700743
154133
42085
3603552
163625
22328
247115
809556
951553
9748
1247771
33528
62946
2916734
4840796
9535051
4241302
124709
8574
1860094
599904
3431669
1703339
287339
762747
2907988
1747624
195420
288735
2281746
549148
3634
73420
2976113
77199
13131373
6748703
6262197
57100
66296
1508078
8659018
5817393
390645
33592
1249675
3333303
23018
385668
1849276
1001657
195773
428415
1926482
602986
297432
3807661
136905
553286
36684
23816
96019
6558147
524703
1238165
0
717992
1372694
7624031
751732
2059853
650569
234008
194106
1547955
4153685
531230
563550
87904
769758
0
1001275
10427
304
1558360
2829565
815022
698117
812438
1263500
5391685
0
1381790
80854
123099
22000
2108713
98632
1882180
6782907
2001983
582048
1117959
926064
10250
96580
8022
59584
61943
259091
1852463
113492
229217
856699
89362
1082063
1655535
1690356
1476308
637439
33478
644418
29751
1060856
906447
5319150
1490523
227186
338934
1179100
878971
911489
700873
1783418
105239
485691
7222005
4580299
15050
1152848
769137
338361
338130
1128026
48133
0
156753
1492189
669181
907605
2737050
449672
0
483683
556072
292114
348103
141172
59824
194398
5903
67758
733666
23254
50677
0
27932
26207
4648
5676456
342776
340034
113764
1697
469192
1251993
1798164
434691
295402
40636
465150
590849
451328
2218567
1516416
703165
170568
90349
162727
41048
13825
3785906
2645193
933771
468375
564629
1537307
446996
2008017
3531671
15666
1168963
9117264
106350
2835243
8740
3195721
223948
443827
66600
15416
663895
2855139
81617
827839
76322
432722
388876
316487
4437502
3137103
4618178
0
72125
945166
5550083
96137
4054
1018478
2114682
158511
1326984
2583708
2213078
407770
34173
694783
937359
41780
5239686
107989
352149
525848
2537
5554480
702302
531706
149124
5047776
239463
107799
86046
158061
2862007
381806
135157
60230
428140
7813
2448226
572116
6726925
27746
415467
476811
4862290
3122856
2661713
3967801
168972
613182
556030
287608
690549
0
9617
1514511
3641827
7014
1256882
1866727
1797649
0
696454
118674
76699
2427043
1333138
2145576
2627826
586485
2159129
934531
2222170
683949
502289
1274293
384556
683022
1405474
3737185
47395
90101
50171
80448
23669
1373057
4329278
4691389
2954328
1046448
138776
778678
161350
139297
5788942
138869
1565594
984522
481307
265140
27228
0
1416955
981872
2477055
1995119
20196
279577
271847
50934
3112574
188814
5964210
3577158
6074972
1939105
56832
768165
617539
1570737
64470
1714140
16983
6291725
3676672
140488
3106814
152273
55208
2803527
1359890
155931
16702
232729
35801
47090
25960
0
440016
374065
196675
4606724
108251
1573215
842313
7136821
775986
1538433
2597677
6596573
444691
461684
291227
375858
374224
2706401
120192
468375
4620309
2305104
5255509
1325303
170496
268394
1985496
55570
315983
47788
1747551
6260699
1065900
1504384
97646
309567
499225
2003567
317750
135162
171747
39742
14040
524869
1645589
2015354
0
1231002
3779089
3826987
426362
397338
0
0
15535
3938597
175071
3087189
1929377
186232
874906
22261
439969
167392
73826
2006913
1218955
25630
783457
361222
1046337
1314738
30519
126675
1771556
744285
296980
1999979
2067741
44212
16665
897630
150395
284729
420427
61161
157773
159304
580349
341592
798701
1104679
1281817
141528
331165
1342600
10443
4921710
2429204
21866
10119385
7398074
58977
64741
1527578
1498525
1817303
1060967
6070534
584579
502861
147674
2489594
24169
74559
986787
987478
821102
0
39863
583787
573472
95145
3231305
720592
2516149
1722627
296670
33728
1842451
884891
16380
0
12742
1445034
1532623
360253
215143
33091
627722
0
1851377
3139968
6315489
14476
576732
504294
18828
559531
977905
86612
405773
10815
401206
81704
858348
1094010
4442142
190897
0
20555
465165
209405
587724
550061
2533857
3384415
625181
39376
81286
604456
1049483
488539
291126
62527
245449
1428670
486197
1217307
12913
0
284507
1041148
66483
1116876
486528
46036
944857
2008
1529066
92123
4770418
70034
409582
659734
221297
1731065
5572114
3133652
0
57725
18282
823449
947161
45921
1743297
14911
173182
388911
2001678
0
5862523
1099994
2187127
969852
190918
3144485
11211
5068185
813434
3882234
149318
204161
1914653
282303
1096244
317007
221412
4642452
260671
1081826
723230
701598
337762
3260376
296725
472571
173261
740748
62057
2480045
1557943
1444353
2946621
4986817
440207
7061924
386926
5434833
3507425
16936
630973
336476
232395
10305767
1604957
3494197
228775
989904
1730863
63537
276715
3286105
841529
613739
162331
0
1935761
2558778
7486441
2727061
75833
874398
9585063
4022799
382486
217704
5423621
826385
4126105
2762377
1129520
292208
542633
226508
1722888
5911344
476956
622476
1054914
4729076
5901634
3965
350499
84265
586441
1822635
4021
5187
18374726
432286
404185
1349
64495
332116
833706
2719591
865491
1593336
297194
203886
33593
6347
2226665
149546
3478653
910123
243182
1558873
203667
738423
2868203
2736170
190607
374847
781770
2962533
947745
1852391
548416
3327793
20752
202630
1529235
23541
3547946
3054087
14846327
2164271
567307
1118948
258647
218510
1851858
0
613909
984873
196606
614441
783816
836257
4709875
1451577
6243157
953568
13853
279229
368230
55784
3543349
1661971
2119958
0
318480
101263
4361541
2266749
9161
2249106
797460
306247
3938012
0
2861271
993854
3437348
255800
344492
289593
5350111
5071458
2638507
18568
1077245
3872278
196246
722636
248643
1793771
2854886
3008293
6800085
2216165
509855
6758922
308688
128289
448960
64656
4730334
765534
0
882538
5303931
312721
473696
271432
408639
3073373
9153560
653300
0
187097
86823
274737
1559836
1478020
3180607
2922779
3460033
141764
167737
5265192
20786
2064761
71152
482444
108854
3455
148190
845999
1976716
5140278
8148792
2331160
709537
1122266
0
9852067
10222
1236270
24729
898416
3383392
712902
95393
142259
158279
3276145
1893018
200919
2893
3306580
437234
0
1682117
6620305
4085565
67371
726735
795561
5091770
247876
4122412
0
489868
459672
375988
787743
98857
1701755
2136126
72516
125236
518667
2402650
0
233062
771280
385257
0
1431798
10579120
381204
672575
1495430
912590
1914588
618012
1022374
1791099
1298130
1309504
6374
233238
170959
517313
9542
67491
603551
70172
1720607
390561
3250722
77817
0
23841
307996
64711
0
2363978
6743353
661032
596017
171357
27959
1114591
1383815
13347
1024378
232763
874114
257094
147979
154847
1940688
68408
5554945
98314
443523
663228
1939533
59191
46037
322845
703035
1039971
83471
251858
1469824
408696
1998974
1263966
111247
524932
23194
801413
579543
188655
678893
1281279
255134
956078
107885
419202
879910
1392323
248620
613327
2301882
3296529
1390352
20381
47931
2246500
424
3493686
118144
412952
81687
642497
830143
7625107
333172
55950
1372843
10573
774323
1641612
0
495956
735988
2171670
36552
603176
63488
978124
920544
4343954
309592
1492558
281969
6626737
94494
3923693
560275
2015761
758919
365715
227632
1708180
28148
32807
213300
525909
2885190
238822
2305814
955575
18410
660758
3265219
2540844
57611
209788
2223906
3396603
483474
1261021
83861
718695
2428775
2465482
1721968
682976
739815
31083
1783920
1693186
111694
1033119
4728
3065196
357479
4501266
612863
1056169
384547
4720
2085200
183346
14292
3950170
1305151
218268
102165
753985
185933
228545
2970831
1415739
1965603
1015508
469675
94448
859309
1384203
362274
2279387
1827972
1096426
4146234
3120261
114678
404578
1624889
11942
4628
99084
8576253
154162
444229
29662
11988
1798434
2283511
38933
941161
68309
272486
522348
650849
6350897
2107291
338225
3793598
1870021
0
369733
405464
119637
21885
5942977
31136
26628
1422340
165898
82556
735429
329791
981101
437672
3785815
4931638
0
8674890
963176
484431
160878
209790
3908105
1037223
2126176
19730
240231
34903
85216
571714
911685
372211
2962636
575374
3249925
10569505
229581
536053
1222416
4217991
42057
413881
873
3631634
379500
184552
6213292
82347
134996
11153310
61700
13136
348364
58509
255242
1621683
177428
1228613
117030
1611982
26079
894600
2832788
3152677
406246
1804442
3674364
278597
1004658
1578258
606490
4486514
2756194
1147210
911251
677294
987499
850782
3127749
436542
502380
1934425
1932925
1441623
165390
187396
1952128
84117
438245
3260990
11195
61841
893703
178003
12304
111768
33187
1774829
707400
3004114
25770
217704
8698229
449829
6788
1963986
4049470
389059
231456
227689
6034441
90729
430457
76879
1211834
7075954
65223
440253
69996
8096
968353
2084207
3892112
1049352
68838
105014
2568095
2312230
0
1756797
4469829
155779
10638250
1509551
1906662
104213
743460
440844
819713
1133559
398586
0
4570006
6874513
1476797
350770
32193
630393
1285296
2885228
103853
1427097
2049929
480611
1617434
216223
3037741
988
7106285
26687
1493969
301832
3664184
315398
1649202
247063
1061061
1504535
4637570
22864
3384029
112002
609366
6112918
182843
2212146
137230
4387984
332761
1041916
307991
634973
66240
2040628
79917
626204
2083803
214570
4616771
1554469
1070103
60083
1902411
5028
47439
2133
1441719
0
274337
1548730
12347
53970
1778692
2735836
406661
2716879
1782876
315913
1147902
451841
2725793
374475
725800
487363
1736930
1667769
115920
282831
1723441
1616077
70212
3073688
7139727
1710081
1344392
958921
8022493
1769533
14840
4330732
2504644
66992
345678
646354
375198
2771241
10159
1373425
305381
12442973
1453173
3724
532564
144090
858864
2170
1072264
174467
6556608
3259103
88098
641216
3258041
202036
431611
1297673
2229076
136838
129399
49034
583306
82632
36901
2459527
7467908
293384
452396
1899807
263269
675305
32243
690998
387389
832635
445602
1392916
135606
3317605
4457177
745563
5903
336898
5465924
286108
3217315
3000983
400235
434297
191950
150745
7966706
826691
0
154856
18918
1445401
4407784
7948729
4253982
489147
319185
9782
1273211
70253
671084
1871594
114070
411887
470162
343538
572583
849142
9967
0
2314034
1283876
90991
3471485
288019
3244074
77717
69662
153062
333756
466192
208889
1055961
106549
455837
577630
260157
221453
2443056
461141
1557106
272335
522835
93268
1664997
571530
690332
151181
397297
15767077
3776987
633589
3147254
2071989
159534
3686432
2901995
820459
591993
655277
219614
2433042
454179
303671
51955
552772
1044470
2380061
513629
1695479
10402524
3077432
631378
381066
134761
214211
1239461
387643
98984
2119676
675250
8535956
2618280
326349
3883610
1583211
3049175
78804
0
332306
185316
664476
494214
10166
7783
1756183
205977
1367103
328195
1229297
5304042
415713
4396840
323647
1828198
1196
1015313
451155
207920
97517
12842010
231044
332992
13841
0
73645
258344
460372
4672387
964060
98610
69312
384109
421080
1755970
335446
109820
401162
1033554
15392
143973
496564
264604
268843
191440
472606
2846666
6941072
96499
356417
9952
2162029
2323079
1656189
3308697
184272
16089
131025
1971452
2753112
1278998
1101657
10829086
721041
41796
1709
209411
2702081
2338167
579726
298091
1956024
1845386
3273636
95246
3647300
114019
3234295
3099928
431595
35194
705239
134318
226444
5340366
2220327
919244
4795350
29663
1229196
2236478
5239
2291237
0
702462
4331405
2328965
691383
28883
131541
3125941
373274
11474
9401069
3606280
4506012
112209
265165
1812742
0
1025073
806012
63447
31184
228124
2215023
0
4406428
4989214
4130
641835
412447
604299
79710
398317
1020131
1511404
364042
667872
25143
821038
834666
1368768
67275
1382334
107758
191862
2289592
131941
50953
95405
4578970
372019
1408633
4882671
1253103
3513691
3895334
2887802
127789
10189445
113274
456832
31580
4669016
1500735
5970887
89816
1818697
104122
207555
991075
3912082
170041
2718488
4508379
6084259
3792690
3959665
196301
1447500
254937
729202
2990730
73035
190413
3053958
94249
2956794
834245
7734
470973
1180681
1917733
511256
551477
425713
28658
2738991
1283620
4188123
245065
4612437
611505
41349
112473
151035
364736
479335
863458
59787
1823643
194365
1003743
255106
1111358
1879554
19807
38348
1489012
856935
46308
759327
696244
77698
856327
107215
839660
1133731
99783
8536379
13338084
228084
1386973
28954
3260001
8426
1155997
73222
5843104
344646
83655
823995
965847
9293
296800
2088986
1266907
248723
0
1720385
6796
515836
3433410
258216
65058
1240528
2259422
454532
327789
1453415
188753
421444
2477132
20922
4864825
5959385
6683665
1613005
2822923
554088
1335119
4985802
92444
1498056
1981303
693555
251079
82430
578981
1636867
13166292
1219673
1011085
62619
1759801
3517637
90248
602452
401336
101465
401333
5861390
433409
17301
3294102
51095
8703861
801076
1145681
61658
654533
943420
46401
591384
14575
1340452
112527
509373
47129
766514
2780387
651315
2851434
5839108
42957
1039300
345207
139435
1911725
18089
322451
21849
208158
572262
128119
182334
1856504
78192
334840
1420
803329
1932143
12471812
3944259
1211034
2423660
581006
1196388
3756043
2012512
658099
181273
610069
941915
536043
7494214
16496
14711
116443
41867
1287702
584986
2430603
8654077
984523
0
5719
270058
28331
171708
160582
3087
0
70263
0
1752058
548973
9988
314451
59104
1702750
3579525
1256074
53724
1157051
123820
14132425
3111029
269028
171723
726080
92343
184823
879609
362585
4221359
114635
143635
145753
2019222
23596
1402167
20946
2400681
2404799
940304
5035674
143527
8129989
697441
864525
11585383
106286
74535
1874675
598495
3288052
5696584
219890
41833
3413015
132274
1479921
495864
993237
31010
5323359
7466996
100962
4418741
2959100
136521
3005166
803594
4137504
254449
8931
185502
93446
6411
1757466
408033
277432
2564004
941928
84189
2864420
251488
2985456
59362
4060729
28256
1051290
613480
716583
2035464
220392
1500666
885064
26755
1071507
30159
5463939
612198
160936
1149838
345702
32397
545821
409065
4443258
24878
17365
704137
147343
6865459
591188
311095
1476089
2009303
188155
51784
10438100
1803758
1453147
330489
2696536
69993
11397405
45807
1260918
631844
541772
1666422
977359
599147
1915445
0
1337705
361380
2345905
558489
781213
3413984
1815142
332738
1105913
296154
9041823
10736534
7672
2008990
552784
18113
88743
262355
432670
1566868
2863201
309614
1295498
1103555
111424
6955123
351997
33361
83278
635616
678993
876772
2591918
2323249
762832
452613
1224609
847878
16585
817086
13584
695290
1167823
91598
7412809
229444
1347768
39833
1894892
98375
9580
787809
1048286
5460680
783235
1038725
2190966
13841
3380765
1873316
2871615
39279
820700
1998844
363227
1444039
109801
2079458
37788
1935502
784102
7202866
8957942
0
3765414
3144707
5376864
277897
3172438
2948439
5592014
1062622
2199551
113714
3087
3581675
25640
6169667
5116821
0
141712
1002360
513105
0
918788
325421
82210
446292
1258449
393353
943049
2652827
94675
94053
5054898
321851
53313
2127693
88131
273970
2353134
576579
567296
2826064
9192988
658353
3352839
3142933
2559426
5391718
68076
218953
12407
868768
563
737098
455250
6438342
2244980
154000
434827
2559998
18233
1715413
635431
627117
1517
98174
754339
1387693
956975
189900
344865
290419
236806
20937
536975
2280309
1571832
3345821
10567562
2485019
166201
1683690
306994
231540
1005179
848659
356549
7938417
4264
2403340
4422520
3730
1482055
78472
2218936
352405
259272
3995483
173811
358474
4707581
4421698
2458005
343514
544557
334676
2652633
2585469
2985845
6364
0
25873
624668
1114613
2779308
1737
356438
9245808
2345820
6232291
1814269
1412220
3584500
155980
3738214
4761607
5034007
17694
1373689
4923116
984154
19069
0
2585684
1724463
546018
407778
158670
0
570757
190683
3627316
3013902
2740695
79064
2286059
232702
1283044
178360
2622763
125457
316081
2764703
85445
495979
0
2511531
87824
506026
311546
2616857
154526
2619314
2870727
3627590
3001833
141307
3376
1807931
2989786
1510634
114876
3439335
596504
6020045
3579138
464304
3946872
459153
0
266784
472219
159248
4085763
50337
2365808
128812
636154
260213
5797276
3837394
740155
349016
143242
37174
0
31174
1045366
65151
7108479
2206792
0
2661749
11804988
6394884
8719430
452719
2031678
1886363
367041
1242461
3081753
2797510
216596
307913
1281380
1071741
304526
391869
11116861
14765
891838
3871555
1038313
2918789
1073087
1697275
7473501
2088227
11617706
6386145
379639
86034
145198
5012726
5008589
513854
557945
3704258
172381
6930755
0
155213
484300
94663
1115831
0
418143
2826522
5836215
925139
3619333
401368
6763846
1380840
3518784
2817129
1128590
1243578
1820041
86494
85480
1544975
17028
9464868
1630134
2781423
453950
484989
131972
238591
815146
50524
793184
154007
448871
3070596
573104
12647
1035751
1346277
10055
1555483
3550770
0
602693
4038774
5720743
2485
693514
229677
284978
114267
45980
3992988
3301172
291345
656194
3072717
5209753
642158
0
46904
7013998
79205
5458086
976736
1425235
1182582
2817949
8329743
450426
7751
6014681
3716603
130188
11220742
1573814
1681570
1245391
2472501
5536894
6493716
0
1504243
50436
39950
3225260
6806234
2438183
175570
252125
75155
115046
46203
4927575
1559696
1256152
7719033
199845
2626050
1496458
583692
551777
2149971
0
1785794
202588
14820
1131262
3097946
1021531
1483758
976101
5057546
2897411
4128035
1144030
180179
685550
786655
53633
2385594
6510167
329674
724133
1147454
1069778
440073
558905
9985
1938419
275532
1162437
1186814
780328
218795
2375400
2786490
3376
1892343
422223
12365
74266
873152
203446
889775
1538153
6710480
4660059
2778878
1339218
394965
975874
523752
492363
9903
8971156
19480
292678
1991104
161224
18515
33277
268325
1991441
4116404
1752515
7236
1983022
445196
1784790
88833
9749
2090901
135012
1397331
140724
2887552
3562970
93946
728166
613836
0
57197
1797512
948305
1043899
6565
1976925
451437
650532
137015
957850
219114
3350567
142538
407968
0
141303
3463584
3339451
3576541
1379702
1226058
589195
781408
48955
369917
349692
1159402
1308553
179082
198440
1148611
836164
184953
40173
2002558
289704
234466
147249
66930
60090
1180909
534767
467648
43461
805099
318441
58596
1964790
1849082
43573
634010
49491
14546
357725
17429
74345
5536441
328423
1326529
1724419
179037
2909469
7991174
240759
2292713
292625
1211811
560328
2331452
6521397
2014444
140005
172812
13047
64823
48349
176145
820004
164032
765953
234814
20357844
560705
64621
687033
86972
14081
1745409
384660
363151
91150
2113517
1175496
1322551
3629733
1330463
532400
3836385
113170
10806775
136472
0
1290699
66406
143433
344782
1425400
166622
583356
154592
790791
126602
1494389
158606
5635
609259
2541695
394206
68831
1129959
41781
14311439
6555535
8205600
1623524
5784827
6976549
2539219
499384
20614
3633660
7941076
140295
1558439
433511
3206
3078850
11214879
114518
1237965
3363508
137284
1136834
718654
15416112
135499
0
3594776
905143
13492
6664619
76877
13043
709261
47574
2360961
453185
2089416
6331609
565662
3368625
10798364
202695
253926
17064755
4661388
523595
745921
4529423
16358
0
1548385
68574
946851
401847
2131902
240655
1815067
15121099
1953539
1283216
6572487
1454
378850
3647704
143811
5306697
5349351
6438120
94416
3312491
193371
2148326
1559725
159220
6899027
2220222
1135816
1672482
413455
11590338
6624740
0
2305844
5593239
14848375
2898438
1481062
4031204
961611
2336111
344785
7354
7720667
2123218
566237
634272
1446893
687520
1393635
3580057
166947
560619
1576566
20632
899886
460021
157665
419995
134297
14286
4757292
134607
279830
6966301
1185349
14267399
6334367
0
683298
115081
0
11615170
956614
1752853
434605
151314
248647
70272
15645061
6879444
2368874
547260
5285493
5365171
715537
669090
303446
6188460
1177174
537640
943687
8703922
85675
3451159
1518179
4237257
165246
2527174
2547926
825301
360613
138582
4838186
4412373
7384833
466802
1491703
1818126
107537
3705917
2436115
4457742
4267525
0
207690
351557
3299073
163998
568448
962519
917207
4635834
1061315
18822
103839
3459577
3827908
1834503
1383959
26486
47493
545539
568074
3195511
2980665
3927170
833491
2852433
167446
2757685
240537
159931
1031649
6462211
1563456
3933960
3691995
6973204
1959172
693253
378770
11813441
31421
1626607
642967
734319
11848
60325
1000452
1147144
1551783
833288
2139676
6573173
493100
150688
10864679
404396
4616388
17775
708913
28888
686633
4926590
1202838
5568628
1203917
316740
0
701357
2276967
526194
0
35078
122017
294409
907657
589969
1717047
0
1954850
23720
281840
7836185
3101038
433193
466420
5751432
927963
0
2611572
480014
9415374
4142501
100576
997983
470472
0
983296
3746246
1648971
369529
3615283
102776
111682
970812
1069340
1773
4603823
82173
9054523
8707952
162620
87865
0
368045
41847
19335
151072
1448981
15823
3556806
2407108
508379
8152641
372543
484192
839200
46862
209775
6282759
85751
1626235
4232849
154129
1234173
1121161
280567
6774304
351714
159276
11802130
6729670
1255441
4466517
2162405
821352
1354909
380041
554564
2977080
258368
471758
486309
11608327
115025
9643201
742539
119712
302719
3939284
104922
920032
2109735
22774
585449
2294809
554034
5118785
3265207
11670160
161768
8759622
786717
891831
624902
125510
1668439
415982
3640118
2575236
737057
4356360
122762
2260682
764545
1619766
558591
1365267
1863244
2639722
4953959
29696
758448
61035
28691
1884449
257410
4168283
3765079
3154996
5766652
3774789
157683
5960935
748264
5664311
1251453
4581699
4595620
2108472
11478312
22142
509401
170808
288050
8623206
1469113
168568
0
3625901
743490
448712
1496153
5366508
275744
821202
1699661
2805773
770133
5408831
38397
0
3763928
0
6549544
305511
495237
317454
790206
352058
5911120
465556
33363
1939101
1173693
2252902
687701
2243916
87125
1276650
2345647
704350
3571477
1990232
1211893
560522
1351675
1939007
22368
402799
2237348
2273055
870524
681326
35396
281012
6176843
3011369
1852496
918598
123839
515834
1565538
1571095
1480123
2939456
243894
237857
310162
95251
215001
4492340
244757
537481
1793914
0
3094385
588718
3274672
642639
2012776
580589
1870006
1239700
904511
4003381
6464265
128581
205724
1888270
3417693
3524724
2456487
3638481
3057019
9965
993816
2763294
113094
833040
5164305
2501537
889023
4244622
877819
38263
57244
2125212
6030109
14577372
160247
241586
4171629
1109124
1139005
792045
187518
4109651
8921617
3528530
7450
4094138
418192
188926
383165
817424
2504898
602569
17227
2612454
1242348
190782
89267
4807073
812711
1745776
61180
745517
1277967
1494279
6540542
564178
8615069
549480
280772
22797
5974172
6475095
17004692
16961621
3432688
6543778
333864
460725
5936983
1556826
141157
3647726
289427
3645101
659502
751475
2437926
843372
772849
650407
1098822
1228240
1374020
953919
1131279
266745
912866
2144183
630735
156699
716824
24777
3131513
623380
894848
12185801
731425
346196
836702
813637
2605196
2375342
1026061
914629
9621347
3992
339693
10958762
890518
1027942
2954268
1343580
1278881
2438372
105711
93848
803850
6599
2253748
251409
47871
3601727
740045
106896
275901
835355
8582391
619648
270049
230882
1645650
225393
8924756
742197
918029
2935228
91374
0
134459
921460
1824499
6671857
6391833
818955
110087
87657
1922682
2148839
93544
40427
812709
311315
2361481
488702
1046350
310124
20864
406384
23365
23248
361361
1058427
37857
862947
116604
4006906
212918
1243747
95072
171764
89834
287838
347140
1583693
2344914
3304254
1217819
5340882
21975
42757
2092226
2190128
6200179
1668805
629046
3659376
80547
1665430
1865819
3992
123133
2909429
219426
117351
260206
7794855
4072609
2931756
3005399
5272279
5957009
84491
1201492
968004
288077
11300
92409
257855
561015
552481
69662
985342
8623675
370944
2871117
418316
43770
3273447
76234
2092301
1996970
515012
855190
3339389
3058651
14105
3506754
2587240
288895
9558513
1501011
39488
1625083
268703
9926458
496423
14427708
1801853
958586
516217
845517
771089
58918
1227175
6738917
1196001
1157918
2201664
23044
5334291
543962
1473721
2019894
4556648
3402939
116169
1273600
220447
1413765
75601
512844
4958295
826742
1020634
1672319
487091
371619
5805774
2859
158561
2888773
1434797
3466856
344383
3855834
29155
253939
5432256
27655
11423003
5972368
4655019
8300607
2438
57698
11289338
9522614
4363474
1956092
426455
930336
2573576
1958456
1483882
1268937
207845
10500602
11183259
106934
398981
1238183
225739
792109
5962043
2120322
70267
2995228
1137902
1378270
1661708
57981
129742
4905031
0
4261531
358732
2001245
2556620
349152
587170
1440018
1552544
3914912
221867
97669
28510
979229
44215
1588476
183229
106303
5183271
7740
3010925
101032
3573301
46986
4294953
2018502
10044
81540
612258
553861
1375938
154758
111902
5595757
459926
812374
1673692
405627
629695
690334
168422
106958
667608
717778
903204
1995805
749205
2681774
1755095
2770973
466036
3357818
2834169
9334476
2377635
1900070
2009067
612117
504822
704436
2511415
9702
14778480
5655175
2780938
312124
6324990
2456445
628966
894248
99442
432843
1992252
2713461
138309
680723
2407749
349498
66342
5157242
27824
900819
1510995
700496
2493011
1967356
3343561
124751
2252498
346203
5587241
1508449
52315
72394
1551234
157981
115445
2284109
293898
1848430
1114197
3480669
1823775
0
124663
9014
6120
635456
6723958
333468
5357455
256739
673962
2430447
572647
82665
6608972
490615
1673135
168708
1407482
1331972
341532
334966
67196
7743758
56135
518731
1335207
422634
10354418
149333
2274525
345298
815005
5451834
530158
2278786
151806
460245
4887861
243306
9714
323859
2539006
21760
49610
9632294
1262705
2406578
1374389
498133
6185
9527224
14924
1263490
7020
256449
84058
1373360
317583
3825137
10642901
1430214
339590
693714
371131
4502
1785160
484546
8862938
5499776
322656
1438404
313287
1602433
4153230
5165807
4611421
1174308
187688
1041275
84454
0
3908638
6445182
2402659
457601
495482
615035
913255
669693
6639492
21783
5052142
9808108
441956
1207550
2209820
12654163
749238
2451173
3793415
656482
9954
6596596
377154
1495368
2922570
1136046
427751
8278
2465966
314393
860354
4231583
329764
125754
99017
9481
7494324
22873835
355202
1181122
118070
9692814
912568
2454170
18235
960624
7779525
85173
3050335
758306
15665881
478852
478498
824452
218699
1593807
2968639
3839999
16116929
248070
785325
641192
109503
3935824
289338
430481
3311590
2680149
6423
3758588
1029510
10421
348897
16269
404459
2717957
277967
1282839
892250
518855
448042
0
0
205256
36114
1177785
2286228
4778004
113024
63649
3467306
60482
6146917
293054
444263
2183749
0
973677
1838708
1878157
71315
4450234
165131
60789
1178598
69671
87817
14820726
1073388
2383385
1366674
404233
766658
584000
1689437
175567
9869675
2184599
1929542
24993094
6000
3058486
453693
188425
1234140
4566034
851751
9195870
4008575
941
3291071
618404
2914691
67168
4231438
6409723
2483067
13685990
18585
1378919
37551
2291959
590522
871329
86754
4561316
4316300
426826
305310
3590103
875833
3021386
2083607
2425358
281611
115430
423191
1785818
69500
424
186012
2783807
1887505
594458
31461
389892
4429614
68973
7379101
5337403
69024
777904
92896
1851639
77553
246168
5466895
405797
3639552
367453
39663
1059136
2740874
3720114
1628014
1584502
2101991
6203588
851121
241480
9360
1103349
3432159
1871526
72513
1488629
69657
5192953
2037998
431086
6596767
6870871
992719
13979330
4172373
1053153
3496401
6787960
958817
1249742
1492792
32398
289977
496272
152775
2616241
4000683
3689333
498388
2111062
1234221
1689944
1110053
3205281
586973
325037
221133
504191
12959500
33643
91058
6991529
4358270
618963
151116
272443
259947
328884
203946
321078
2857082
6547965
5465936
507537
1128699
119267
182173
263767
29841
50228
4126301
5887551
157481
141741
10259
2487540
44951
790718
126803
18815
47410
1882544
392138
4810196
0
1078935
1125252
2241955
705343
3233206
2207945
121261
199034
3626828
52638
1179399
43302
2942056
1523702
612820
9245906
9646837
3739451
3980257
2988751
5054039
928465
3549013
732798
1462714
78226
7661335
314814
1610109
14783015
14765
237650
796179
9229573
3534577
893371
114479
62351
1880558
156835
502795
108010
1511710
487209
1353188
490145
2883048
17097
4830976
1089043
30997
418094
1228496
659877
1121719
9070
3288234
779333
673341
100416
247597
7346350
1139207
855174
11724
2519983
3743135
758843
1137182
600532
8104273
24247
25025206
1308430
2615568
247916
442448
12461
663777
1793132
1459071
4303372
37439
2280920
14614539
1094522
163123
1410562
16647
0
2573905
411763
833477
470813
720106
3428110
51836
312477
289427
931068
3798732
7126049
2260541
199947
3376847
3135764
5011719
3474245
3291562
2522770
401819
469308
109108
611304
833373
11632683
5951065
2655929
1267991
2718429
537657
280928
317956
15379
8820571
11649197
557820
115971
819948
1707163
215469
70824
7622605
2624558
339739
4667515
0
58253
213232
85699
1113795
2773272
2154408
262850
0
6567158
6871723
941536
236329
422389
340870
690558
2495796
1066409
748092
38924
1546301
9099
4101822
378014
4355470
5172743
2049530
146892
15122
537127
229493
26702
523635
708729
710636
6569050
2057601
2563084
2509
257870
181203
1702565
198717
1102891
3742312
10531670
443633
143342
188821
176266
5377622
2193974
78947
1443837
4878
1241965
1817086
19814
304350
2591047
934765
181901
569332
2451496
483928
5963318
1612468
889535
2041120
6428939
17866152
606005
0
2097909
1169007
617876
391446
565738
2947528
11454153
608361
131134
0
332701
989184
771174
792916
2196596
23880
1188574
717748
3314641
30768
696591
1877552
1307203
79541
2738808
753288
3820192
625957
1082424
4055150
4749106
4726607
2810734
9794537
4258674
15414602
2022481
183432
0
12969638
2803477
174080
2255335
2893866
1362788
154844
437734
1623301
7513270
4744705
7643738
492149
587782
208608
516157
1855976
338770
54743
613361
1057971
4422761
7754631
34088
867734
99491
1776675
181267
1555837
376080
22620
14546777
18116
135759
6164823
3794828
10019269
633712
94432
1257617
697771
2723486
5362782
4911542
2410437
938624
795643
3981611
1263177
0
1082921
274609
0
726341
507424
436032
338543
233167
331957
5260284
16122
8656762
7914342
5658892
164378
1227262
4042722
1033788
6437291
6874728
2565807
3895146
359427
7203345
168507
452817
434908
5042170
52453
791134
962960
3908328
128712
6331578
788482
246250
18272
132210
6023856
10537629
2974593
84848
463022
7308128
302936
1562591
384635
2525610
1202145
1482438
2825692
228557
647056
3764398
1805215
2305043
111911
327119
14942396
1988781
755176
1144750
5153917
586425
4212443
1169666
618911
5532047
247279
1700406
8040246
966118
234620
270500
10170397
10086107
391817
0
37746
190744
11942
0
10859
11986619
4338
12928
1238292
38766
539649
1511531
3737977
280753
527550
145820
379059
802505
49576
3015185
1501027
18271
1721414
220352
2602632
2390041
1290432
1466118
136432
4731427
3022081
21774
2658616
289089
9496163
128922
5336559
11446
1203308
456416
2719717
2115435
3244056
5040967
3125614
16337
3772
860833
3232711
209314
482964
1485930
81556
118688
2306423
407496
955996
1587143
390376
8850
2347521
14271387
41720
167382
457457
5665169
34844
5776574
444286
1574748
1701739
12492399
615895
192530
12282141
207283
432409
30699
0
2332090
207886
1245911
5304870
41235
140954
898201
3449189
336688
1633432
13970610
1065761
7713273
4046044
950312
4603202
2339625
673912
151732
944807
285760
517806
11613739
653788
0
902658
5845973
698380
246838
2753066
989689
3111209
4973586
43194
4741464
569991
3555223
3573733
3765193
2798035
1026726
8077750
1937737
1492738
1311528
290561
2556435
181651
182831
3186753
0
8698561
205376
734524
464267
10872266
1611406
10577977
710055
10886
4508485
194373
366973
585599
196761
1287837
753605
2666532
326026
968805
621533
11720
1670228
115136
4188653
363382
455029
762857
16089187
3302679
812636
1256800
9282661
11871679
958765
23810149
1567700
1841234
2233615
25044982
5894290
995679
215658
421616
946257
506704