0
0
0
0
0
0
0
0
20247
0
0
0
8754
0
18021
0
0
3905
16399
0
0
0
0
0
0
0
10413
10958
11229
0
0
0
0
2185
0
0
15703
0
58565
0
0
0
38297
0
0
0
0
2185
0
0
32857
52151
0
0
0
0
7352
72207
0
1108
10617
0
27337
0
0
0
0
3634
8448
1077
0
0
66231
0
36315
86421
0
205359
58810
8440
25947
0
0
0
0
42479
15054
59857
1703
0
34841
0
9195
25376
1527
71243
94206
122130
50234
0
51593
41120
0
0
5147
35037
0
493
0
0
185431
17572
7668
9295
13275
19052
118446
101710
9400
11229
26459
0
14904
49175
38958
2308
0
63642
14239
50893
64135
22384
20232
12966
0
0
0
16045
67729
0
6125
61093
123592
0
0
4177
16759
0
0
0
8908
7001
0
128227
57172
121645
33915
4577
21033
5226
129834
0
0
18
9453
44014
33980
0
71859
105
1001
8357
151424
0
0
265012
5453
32399
47548
155243
163791
7207
17131
0
30370
145975
23092
31884
38157
136133
32261
0
345300
0
15125
19839
0
0
50878
98986
11470
26562
8618
152992
0
121885
0
6299
8626
126347
35074
0
0
16172
1747
0
8650
67145
1527
0
28979
96638
29110
0
0
192798
202662
129160
57691
165780
8650
14540
55898
7050
160546
0
14096
16902
90197
161649
4616
105
66594
0
1527
84116
10386
1857
175210
46959
6243
66302
1020
9341
292535
133238
21028
0
333922
0
519707
190697
172326
50807
0
46386
293949
109705
0
45332
85613
96837
33178
0
17887
642000
9606
68305
259970
502818
502331
255521
336182
161042
12289
162581
2102
5260
89076
58918
105039
442101
63399
38260
2102
125126
31278
5260
41819
70472
0
19193
220076
109944
7187
0
171316
192237
16513
0
72900
9763
55767
38501
31848
77034
277894
7607
127874
2308
3180
6691
75205
20209
72889
691693
63580
271080
0
182861
75775
40689
32541
334218
0
27250
12815
44183
7214
108875
183669
78662
47561
1242
0
107562
25877
506529
194252
350709
34283
0
115906
0
59565
187149
78393
15499
31809
2508
74940
265737
7668
0
390448
86900
34682
89719
84984
79973
49934
483874
0
17652
199308
8377
85767
78273
24171
49067
7668
597599
95407
4952
0
0
495574
6352
66735
0
1242
332588
71334
41617
85191
126052
68639
43578
214200
45556
28046
26919
12596
49805
168853
976273
94683
0
6686
170525
0
14153
11355
96421
0
386657
1527
101185
181226
0
75463
299686
238372
0
37855
112921
5260
0
59938
0
34659
192214
75426
0
188812
19526
73451
92765
13191
318024
8900
0
138762
73193
10561
96615
6348
350671
3580
837
158911
171928
83809
0
11763
0
39886
64450
148443
27224
401188
9453
11254
62780
152131
63546
0
29025
11728
0
1480
0
109608
76098
39034
90636
45871
76301
64440
42177
106570
0
33752
71153
466217
158149
162561
0
0
63770
1315994
613730
26413
91924
250531
118367
43042
55540
20206
0
160677
0
429211
32192
13465
261226
811948
52326
167713
6411
29250
156409
3328
8054
10529
0
0
5646
260192
4775
31821
14199
8376
107307
129991
77927
312667
0
0
78893
0
32377
26133
12596
6097
46802
0
22803
470801
39145
0
0
36160
0
0
274016
5494
189612
185551
0
0
72609
8649
663078
32851
44705
0
15420
120301
13962
0
11276
246063
157450
72403
6800
878339
37327
23782
0
216911
56926
190353
56115
426818
368864
183150
8376
175188
2461
252501
129960
590824
108340
85750
299391
295194
489873
3611
151918
14297
456608
0
200145
321355
309140
80370
264671
0
0
321613
0
2308
0
386679
15245
136824
6593
173233
377863
180951
318661
141070
259076
3611
239664
9142
19092
0
10154
951939
60886
70608
0
742014
11550
11687
10054
174902
202846
53945
0
81659
35041
35935
0
35109
698188
31651
0
138383
20242
461791
80261
72379
173628
313926
0
9854
60006
8649
63611
125873
0
329640
1222008
0
479968
27722
58149
108874
1234951
311852
20257
29316
0
373876
18430
17668
37399
5742
239053
54327
0
421527
187500
60729
459797
0
271095
158736
1267447
1563054
360246
75930
838647
180090
116965
171462
627427
7276
58549
257821
885277
0
16597
1334877
0
719960
136036
272201
8889
359432
113806
30704
0
67332
25802
74010
174168
0
92566
111975
256463
1029220
331636
17894
44319
136855
0
93518
40437
20897
161255
92758
372542
295693
585291
126587
41277
65573
0
5157
72701
596325
0
244697
263174
1138105
40422
117065
0
156224
0
877131
86216
48691
43031
161669
329341
209531
11560
8882
38929
24792
604999
1683343
692553
14088
63562
52563
12665
0
5260
9720
35143
96047
167869
64889
100078
114886
295886
119014
3206
21433
12649
265
35163
78854
14250
493016
0
46668
98375
2308
107798
0
371649
69507
105668
202474
242189
7721
646212
198674
0
59254
0
62705
20312
128545
332226
802613
28203
0
13620
13244
2299
421413
3425
698598
136503
438598
46720
249368
14548
3242
96856
7540
79365
153561
128162
8649
23819
52388
1426
54543
0
122035
119733
64871
542622
561331
116312
83293
47058
54507
289409
0
53469
99998
12713
59958
37422
111735
1051292
152702
82953
120569
0
40434
405157
25448
29515
669421
20588
264978
36649
77747
0
40903
101425
33292
21133
0
766412
79028
847588
0
99113
35835
359277
463094
36065
88958
237082
356964
24273
137958
162871
211560
275021
226680
10220
9854
3286
145992
333052
662106
298525
0
343875
0
81357
44151
283747
113263
218997
307077
707200
13237
34954
17832
29780
18822
194117
105870
273411
11018
281548
28273
20590
28566
206127
6463
253008
451992
12596
29377
230791
586847
38915
949049
750743
70219
0
262146
171504
21815
35194
0
1274927
0
286016
0
120105
0
1412032
175798
38421
238886
201397
99775
120742
0
279009
965737
899
69009
120591
1584199
835737
224821
706459
1098771
442288
43228
428915
1382454
229190
10414
7721
199147
90512
26033
8659
610470
273092
84824
61936
220184
60764
8502
16113
188898
74922
456838
6659
1460177
1612023
432305
0
0
384596
661078
520321
37171
24748
2106
266478
440876
7718
529302
56179
0
1461253
3305
0
326120
152900
0
800062
0
48733
695366
905806
257887
8929
0
93791
24628
94584
47264
0
894088
37549
81992
108383
38144
0
0
87124
869644
302554
82020
542985
740767
72642
41561
174418
114061
9063
803445
756155
1129616
216952
37920
1082412
638214
0
132456
0
476494
141265
57799
215193
507290
226692
105691
18222
35105
1424553
13857
0
362485
48897
234
47627
33728
478463
138079
64230
57694
954697
58273
700616
97291
261050
9494
44547
193916
71207
0
16072
9252
0
394559
10361
19097
2321673
679652
259601
7130
58706
22744
0
39968
8649
85772
25951
727295
42401
8649
70854
160854
171444
1607804
61526
8649
127484
94813
0
0
21477
0
528469
115383
41318
203617
452940
117303
73333
9475
19362
193219
345185
63111
0
120247
0
269438
595419
726914
7048
238206
68595
308435
7048
0
1019670
305298
139132
678061
737714
11763
0
0
126043
33862
36553
265026
21523
207235
387384
288829
6834
12148
56142
0
640344
826741
85877
106085
230399
0
412862
134156
180619
214723
5001
56259
999141
927834
1350443
36642
416979
7957
608369
58281
1927298
423658
341932
677427
620762
0
3545
406772
22008
921972
217390
46148
517989
45893
370080
0
183614
803287
95621
0
108705
114622
17747
20554
87548
9487
63303
29900
292595
606567
112940
12491
933205
304512
6693
465860
58359
21677
134047
31003
185395
36036
482771
0
253744
290457
31744
23629
219742
51378
82316
57482
847683
86325
1085194
17335
91800
251823
629631
2051012
34399
81420
74420
5554
0
820032
125213
19106
13779
184772
214860
314573
1237
78103
119371
2457443
692757
216782
403871
0
2879500
1587026
14852
19594
265
0
363225
0
7930
237977
7272
1256194
1195803
0
59180
373133
13778
59186
431648
69982
90905
6226
477059
52046
173766
1253872
219484
5741
456723
727935
20823
0
46299
626935
532297
275067
0
91951
245570
8649
131183
223013
11154
0
433361
1160665
973110
6624
29543
242476
7862
415503
5251
526198
165041
727819
83274
1118944
34744
24405
286835
15053
29286
464322
382967
1281022
123973
86538
581515
15478
67202
219616
131874
84367
632482
16515
102105
52539
96636
686529
314827
1202616
113670
434557
967026
1315283
12658
186390
686768
211315
16211
239402
0
320204
114641
543599
1814794
0
0
112360
318249
63709
183157
296453
0
0
487387
328120
386927
674497
183095
180510
196558
313613
466888
18503
0
865518
77131
188666
6063
1148148
440700
891457
0
1128066
238458
75707
19430
73954
201348
39084
15984
14909
26548
9494
555359
154497
18019
8659
0
72936
3462
49919
356852
0
0
414841
32383
2555448
1033990
52638
3049587
132316
758362
858581
201271
1031532
64014
109595
190348
5936
140786
178958
508934
545350
0
360746
288965
13037
1235728
0
5911
698659
14206
75675
42578
137
149574
744279
3082938
89043
231361
654243
0
109187
618321
401538
0
180863
958983
8837
34381
84018
1662
149044
13868
0
583
117398
16243
36043
194656
943986
21556
3634
8145
166340
0
14381