0
0
0
0
0
0
0
0
20247
0
0
0
8754
0
18021
0
0
3905
16399
0
0
0
0
0
0
0
10413
10958
11229
0
0
0
0
2185
0
0
15703
0
58565
0
0
0
38297
0
0
0
0
2185
0
0
32857
52151
0
0
0
0
7352
72207
0
1108
10617
0
27337
0
0
0
0
3634
8448
1077
0
0
66231
0
36315
86421
0
205359
58810
8440
25947
0
0
0
0
42479
15054
59857
1703
0
34841
0
9195
25376
1527
71243
94206
122130
50234
0
51593
41120
0
0
5147
35037
0
493
0
0
185431
17572
7668
9295
13275
19052
118446
101710
9400
11229
26459
0
14904
49175
38958
2308
0
63642
14239
50893
64135
22384
20232
12966
0
0
0
16045
67729
0
6125
61093
123592
0
0
4177
16759
0
0
0
8908
7001
0
128227
57172
121645
33915
4577
21033
5226
129834
0
0
18
9453
44014
33980
0
71859
105
1001
8357
151424
0
0
265012
5453
32399
47548
155243
163791
7207
17131
0
30370
145975
23092
31884
38157
136133
32261
0
345300
0
15125
19839
0
0
50878
98986
11470
26562
8618
152992
0
121885
0
6299
8626
126347
35074
0
0
16172
1747
0
8650
67145
1527
0
28979
96638
29110
0
0
192798
202662
129160
57691
165780
8650
14540
55898
7050
160546
0
14096
16902
90197
161649
4616
105
66594
0
1527
84116
10386
1857
175210
46959
6243
66302
1020
9341
292535
133238
21028
0
333922
0
519707
190697
172326
50807
0
46386
293949
109705
0
45332
85613
96837
33178
0
17887
642000
9606
68305
259970
502818
502331
255521
336182
161042
12289
162581
2102
5260
89076
58918
105039
442101
63399
38260
2102
125126
31278
5260
41819
70472
0
19193
220076
109944
7187
0
171316
192237
16513
0
72900
9763
55767
38501
31848
77034
277894
7607
127874
2308
3180
6691
75205
20209
72889
691693
63580
271080
0
182861
75775
40689
32541
334218
0
27250
12815
44183
7214
108875
183669
78662
47561
1242
0
107562
25877
506529
194252
350709
34283
0
115906
0
59565
187149
78393
15499
31809
2508
74940
265737
7668
0
390448
86900
34682
89719
84984
79973
49934
483874
0
17652
199308
8377
85767
78273
24171
49067
7668
597599
95407
4952
0
0
495574
6352
66735
0
1242
332588
71334
41617
85191
126052
68639
43578
214200
45556
28046
26919
12596
49805
168853
976273
94683
0
6686
170525
0
14153
11355
96421
0
386657
1527
101185
181226
0
75463
299686
238372
0
37855
112921
5260
0
59938
0
34659
192214
75426
0
188812
19526
73451
92765
13191
318024
8900
0
138762
73193
10561
96615
6348
350671
3580
837
158911
171928
83809
0
11763
0
39886
64450
148443
27224
401188
9453
11254
62780
152131
63546
0
29025
11728
0
1480
0
109608
76098
39034
90636
45871
76301
64440
42177
106570
0
33752
71153
466217
158149
162561
0
0
63770
1315994
613730
26413
91924
250531
118367
43042
55540
20206
0
160677
0
429211
32192
13465
261226
811948
52326
167713
6411
29250
156409
3328
8054
10529
0
0
5646
260192
4775
31821
14199
8376
107307
129991
77927
312667
0
0
78893
0
32377
26133
12596
6097
46802
0
22803
470801
39145
0
0
36160
0
0
274016
5494
189612
185551
0
0
72609
8649
663078
32851
44705
0
15420
120301
13962
0
11276
246063
157450
72403
6800
878339
37327
23782
0
216911
56926
190353
56115
426818
368864
183150
8376
175188
2461
252501
129960
590824
108340
85750
299391
295194
489873
3611
151918
14297
456608
0
200145
321355
309140
80370
264671
0
0
321613
0
2308
0
386679
15245
136824
6593
173233
377863
180951
318661
141070
259076
3611
239664
9142
19092
0
10154
951939
60886
70608
0
742014
11550
11687
10054
174902
202846
53945
0
81659
35041
35935
0
35109
698188
31651
0
138383
20242
461791
80261
72379
173628
313926
0
9854
60006
8649
63611
125873
0
329640
1222008
0
479968
27722
58149
108874
1234951
311852
20257
29316
0
373876
18430
17668
37399
5742
239053
54327
0
421527
187500
60729
459797
0
271095
158736
1267447
1563054
360246
75930
838647
180090
116965
171462
627427
7276
58549
257821
885277
0
16597
1334877
0
719960
136036
272201
8889
359432
113806
30704
0
67332
25802
74010
174168
0
92566
111975
256463
1029220
331636
17894
44319
136855
0
93518
40437
20897
161255
92758
372542
295693
585291
126587
41277
65573
0
5157
72701
596325
0
244697
263174
1138105
40422
117065
0
156224
0
877131
86216
48691
43031
161669
329341
209531
11560
8882
38929
24792
604999
1683343
692553
14088
63562
52563
12665
0
5260
9720
35143
96047
167869
64889
100078
114886
295886
119014
3206
21433
12649
265
35163
78854
14250
493016
0
46668
98375
2308
107798
0
371649
69507
105668
202474
242189
7721
646212
198674
0
59254
0
62705
20312
128545
332226
802613
28203
0
13620
13244
2299
421413
3425
698598
136503
438598
46720
249368
14548
3242
96856
7540
79365
153561
128162
8649
23819
52388
1426
54543
0
122035
119733
64871
542622
561331
116312
83293
47058
54507
289409
0
53469
99998
12713
59958
37422
111735
1051292
152702
82953
120569
0
40434
405157
25448
29515
669421
20588
264978
36649
77747
0
40903
101425
33292
21133
0
766412
79028
847588
0
99113
35835
359277
463094
36065
88958
237082
356964
24273
137958
162871
211560
275021
226680
10220
9854
3286
145992
333052
662106
298525
0
343875
0
81357
44151
283747
113263
218997
307077
707200
13237
34954
17832
29780
18822
194117
105870
273411
11018
281548
28273
20590
28566
206127
6463
253008
451992
12596
29377
230791
586847
38915
949049
750743
70219
0
262146
171504
21815
35194
0
1274927
0
286016
0
120105
0
1412032
175798
38421
238886
201397
99775
120742
0
279009
965737
899
69009
120591
1584199
835737
224821
706459
1098771
442288
43228
428915
1382454
229190
10414
7721
199147
90512
26033
8659
610470
273092
84824
61936
220184
60764
8502
16113
188898
74922
456838
6659
1460177
1612023
432305
0
0
384596
661078
520321
37171
24748
2106
266478
440876
7718
529302
56179
0
1461253
3305
0
326120
152900
0
800062
0
48733
695366
905806
257887
8929
0
93791
24628
94584
47264
0
894088
37549
81992
108383
38144
0
0
87124
869644
302554
82020
542985
740767
72642
41561
174418
114061
9063
803445
756155
1129616
216952
37920
1082412
638214
0
132456
0
476494
141265
57799
215193
507290
226692
105691
18222
35105
1424553
13857
0
362485
48897
234
47627
33728
478463
138079
64230
57694
954697
58273
700616
97291
261050
9494
44547
193916
71207
0
16072
9252
0
394559
10361
19097
2321673
679652
259601
7130
58706
22744
0
39968
8649
85772
25951
727295
42401
8649
70854
160854
171444
1607804
61526
8649
127484
94813
0
0
21477
0
528469
115383
41318
203617
452940
117303
73333
9475
19362
193219
345185
63111
0
120247
0
269438
595419
726914
7048
238206
68595
308435
7048
0
1019670
305298
139132
678061
737714
11763
0
0
126043
33862
36553
265026
21523
207235
387384
288829
6834
12148
56142
0
640344
826741
85877
106085
230399
0
412862
134156
180619
214723
5001
56259
999141
927834
1350443
36642
416979
7957
608369
58281
1927298
423658
341932
677427
620762
0
3545
406772
22008
921972
217390
46148
517989
45893
370080
0
183614
803287
95621
0
108705
114622
17747
20554
87548
9487
63303
29900
292595
606567
112940
12491
933205
304512
6693
465860
58359
21677
134047
31003
185395
36036
482771
0
253744
290457
31744
23629
219742
51378
82316
57482
847683
86325
1085194
17335
91800
251823
629631
2051012
34399
81420
74420
5554
0
820032
125213
19106
13779
184772
214860
314573
1237
78103
119371
2457443
692757
216782
403871
0
2879500
1587026
14852
19594
265
0
363225
0
7930
237977
7272
1256194
1195803
0
59180
373133
13778
59186
431648
69982
90905
6226
477059
52046
173766
1253872
219484
5741
456723
727935
20823
0
46299
626935
532297
275067
0
91951
245570
8649
131183
223013
11154
0
433361
1160665
973110
6624
29543
242476
7862
415503
5251
526198
165041
727819
83274
1118944
34744
24405
286835
15053
29286
464322
382967
1281022
123973
86538
581515
15478
67202
219616
131874
84367
632482
16515
102105
52539
96636
686529
314827
1202616
113670
434557
967026
1315283
12658
186390
686768
211315
16211
239402
0
320204
114641
543599
1814794
0
0
112360
318249
63709
183157
296453
0
0
487387
328120
386927
674497
183095
180510
196558
313613
466888
18503
0
865518
77131
188666
6063
1148148
440700
891457
0
1128066
238458
75707
19430
73954
201348
39084
15984
14909
26548
9494
555359
154497
18019
8659
0
72936
3462
49919
356852
0
0
414841
32383
2555448
1033990
52638
3049587
132316
758362
858581
201271
1031532
64014
109595
190348
5936
140786
178958
508934
545350
0
360746
288965
13037
1235728
0
5911
698659
14206
75675
42578
137
149574
744279
3082938
89043
231361
654243
0
109187
618321
401538
0
180863
958983
8837
34381
84018
1662
149044
13868
0
583
117398
16243
36043
194656
943986
21556
3634
8145
166340
0
143811
0
30622
48060
28394
0
13792
576635
559630
62824
207096
1262562
17560
2584315
1398590
219329
15844
1461204
1608152
13629
269578
841873
422356
166618
2392998
261094
16070
266594
193305
12545
129070
484765
187474
117845
991316
4477
0
1851282
18806
180663
323527
967744
132540
165347
86742
927812
3299184
38418
1697626
846615
29794
57477
73274
320590
183198
92705
855064
6226
199343
1270739
319969
87526
36920
0
575698
19452
20594
1931410
193435
239613
435284
993840
866925
98740
30489
205544
3044643
58783
104610
467484
110227
366576
61208
197005
142288
351126
487948
116331
6226
24048
75381
56838
49043
117972
69734
347117
82783
3925
523367
7215
684580
1213285
66051
12151
37633
56388
14104
1480208
416350
1827051
223636
68616
16599
0
63566
33714
958300
10859
80835
192341
554411
811810
0
2504916
380573
476809
37091
283995
3326059
1384357
0
31325
240484
33468
122630
714518
571760
1524
2742626
316674
152155
1394699
12842
11264
29618
93392
2157588
180076
0
143541
71502
93582
473990
1340773
219644
67235
316470
436187
189878
41263
55728
433135
77619
231269
476065
237802
15702
1175120
877989
156793
782606
8422
210562
10756
28725
51277
18326
322437
179458
216723
429425
663319
122229
688127
134400
4655
5053
296609
335445
139767
3250069
1633693
18256
1832899
3821036
3760
124168
174225
581835
307272
140959
919405
162969
60217
0
41190
1639325
1382779
866202
70069
101120
66509
31217
13134
256802
0
4430
294852
24928
300681
0
153438
34849
780925
249983
412301
171655
86946
7597
35903
130842
23625
1524
471885
44845
113821
281034
458690
379695
49556
198852
256983
0
1636003
511807
3219
108155
72679
120209
41988
3406709
0
13223
380191
32522
28227
6226
937116
868587
15115
24492
39486
103833
170276
193199
1023243
727635
0
6278602
2162355
36065
1752366
1108
74883
307967
502054
299557
376671
60520
160222
1863264
1610651
1683219
6498
3950951
1155990
95530
5077199
290197
125691
2336866
54177
275011
8575
0
15998
0
76809
177711
65473
95897
225466
486508
430749
2174894
107598
258847
410858
19319
650067
279416
2634
0
175033
0
364063
3804
186966
0
175731
48638
1815366
269541
58257
142950
63962
738821
376978
19698
295575
71991
17820
696592
8928
31288
442019
585382
1541955
138476
4149054
536489
1644539
0
58512
114256
224605
0
388823
190505
494437
6369
9777
333975
0
74527
4252100
191314
38636
17503
679575
1396586
121860
41470
1999882
0
1450366
1043125
1851660
55307
880064
16836
233342
491404
240164
1504496
111325
2109374
109927
0
785970
52823
175328
1733987
60648
284787
228358
9777
1499997
893405
7930
9142
1072614
1874456
475955
23025
356344
68983
0
514382
25878
1184182
0
818157
842746
220692
1033978
1136558
1902990
506715
871593
253199
88759
211716
664014
37416
53024
30272
68616
56696
802556
243009
564421
360825
40898
89195
10921
36297
3175068
1407
788097
931526
1251098
0
301578
182291
22367
15875
1863428
329146
3192481
467050
95717
190934
323671
50895
309367
60430
362932
356258
0
321872
163143
551000
875031
7123
1457503
1049702
70064
1016542
330187
32166
61163
750988
61743
36492
127555
635638
2197370
25347
20570
178218
46003
3110922
83224
0
26662
30134
121571
115002
336082
205749
4047757
2032935
567541
798127
325093
74136
1209739
55272
193887
166975
1116628
212281
0
4542303
160365
1483820
1828843
32599
332735
106773
441313
85141
50719
222443
0
1402455
232917
46669
609153
247109
0
1373734
87864
244645
0
402937
130455
0
800269
863375
4164151
799553
278388
12314
0
109646
6291
17695
311316
496149
14639
165106
1350265
42088
58083
50109
245701
148656
82101
417006
117690
1456363
410500
747339
1055031
111998
33436
25958
669258
0
1752946
934144
0
231714
903311
187800
85665
1696992
683936
45537
351771
147418
516481
16329
525457
51710
11778
266218
184576
202651
445254
20168
828071
44433
170153
144319
1384836
71632
225941
897739
447201
1442332
0
628161
60641
50265
1167085
18238
75692
1188459
48628
600358
0
590305
0
227707
40502
32097
184804
346255
917866
776050
104472
15115
270483
601941
1751198
119201
99708
146038
3396
0
601914
897855
103805
1662033
173950
578724
338285
470137
117060
2489149
1582038
875682
901687
148012
50270
714049
18460
1712576
758855
320802
122827
1018971
202403
376406
36111
157908
4323
4429
375284
52128
87936
862802
371139
1588519
1314409
1564058
44985
288522
692943
73507
50716
289154
52741
64073
176173
38646
1218040
40957
92733
0
85
2532851
882582
7850
893452
1248960
172768
1477419
211210
351908
7844
78662
314420
377984
543606
33446
198297
89102
850054
23084
245746
186814
327898
336
605027
238072
863668
291819
69250
20219
4791584
14743
54727
171
383778
3390
1512135
2478581
8721
60291
8495
1975708
112740
119352
76086
542129
81049
197717
224726
615827
431087
697700
1098921
337808
39713
1675754
2121516
1926074
721268
1740066
268804
1616447
1325711
275487
0
118205
329343
8770
1448513
245319
1765174
662861
306393
108104
286943
71731
144866
1066233
2305665
68836
408549
1297723
316531
1344777
314092
1896259
1341587
74683
1384692
571805
187169
5422
79222
179536
4441903
206047
4043874
766875
0
686298
928992
159983
56582
56620
148741
74780
41203
501254
58290
32837
583
44008
313758
1383088
1050988
92039
42150
41337
419198
194648
83612
713611
9557
1190725
771586
36168
68607
63692
25090
65528
167379
1118304
2164938
53999
1141675
1540054
579128
34787
251325
829395
704245
113416
318279
2238553
170774
30122
111963
681402
19141
509630
90499
689336
130708
319496
1941783
1480009
173819
2614378
337428
23191
194141
477935
587689
2736851
39342
1007795
1057136
1024071
1089189
700582
1126130
539265
127850
134344
48841
20618
2677980
37578
643013
288577
477068
1358895
89342
65497
1313599
0
366194
204776
804490
220516
203482
135053
4248487
2754351
1572431
1392132
24804
36572
833475
218547
1864536
6740
366342
19597
252010
255759
1581939
387831
68182
9504
5924
346421
107769
659521
335814
69926
238632
1568433
2394930
788007
2361938
679776
199305
248921
125195
1850342
401342
0
45960
469232
536816
54858
1924521
95574
74090
628565
83102
0
464489
226928
1436250
136455
732492
217664
23273
784738
1448109
46669
20952
3501255
1545611
15164
5488151
256362
1681423
60672
44459
43099
70499
4658137
847672
22385
0
25553
392060
2384955
3323701
461073
35633
287280
586184
946605
1268773
2946961
122448
111906
3684281
14635
302456
0
71133
410293
30745
231601
1547381
15017
418417
865013
0
60400
17446
488805
3493917
14735
2715211
0
0
0
89485
673025
1133211
730460
406876
401856
362123
284300
814383
2028883
17366
1483503
806890
182673
122295
0
84301
895331
499072
96689
262202
69523
405498
45634
144135
2772870
518953
231917
262593
2810263
852088
215718
587932
165749
1036716
2419886
3015061
732222
104185
1173194
41384
736272
32448
91810
173019
252947
2504410
6237
126196
317479
2792227
127592
1224394
0
227605
1680450
658029
78670
798096
789750
175304
1113294
29772
5507
992650
372657
80661
38970
2021860
380046
1560321
61038
174938
373434
382236
129900
138811
477053
40873
112521
36425
1617477
0
209783
3173510
73915
9211
173572
18561
0
1612054
0
235604
18892
206877
1977483
628591
1329067
151275
676751
8012
13102
6629
102229
1353866
125102
238385
890948
43198
3502921
2261046
728370
7267
317343
3114260
609097
353310
188535
1700218
2674600
1300974
1686475
511955
85479
1619925
338693
182980
2758
0
1197774
242834
766924
72019
58678
287474
65544
73303
585665
458552
472861
315863
1311801
355398
124187
25614
454908
85537
98843
432381
234838
446855
352594
878229
52255
2078629
2490792
2959809
552885
7341
597738
338593
2634
388395
0
50377
694741
271767
637769
4238
2061091
72685
0
75589
12282
11836
84209
915148
2617820
3652
1961390
355868
57572
668486
3978427
357379
170190
66624
9798
1520408
1917601
2067360
586648
366141
466713
171938
5423715
2452021
113069
90332
4010389
1831886
576004
9466
0
63591
13406
33132
22685
812652
500225
3171757
1332086
56864
190908
992525
642110
16995
275456
1690986
314778
1222152
739543
1905880
46497
23399
162100
182808
116144
276419
466685
2456675
2130735
559255
2443291
296065
1967745
42749
356227
94520
428387
0
0
147178
1711094
41210
142907
1067481
128923
6498
751020
190678
25383
8860
25382
11508
379541
2883662
2558384
6419
2015158
1167839
827330
1222864
393903
122877
16223
690576
152961
0
398094
605550
35170
1418403
0
253218
1142776
101851
21998
149350
2596304
1701558
1018688
2200986
165279
113326
197585
1187312
14370
23039
469486
231100
2106994
69453
2189732
736585
2563056
565678
967375
194227
59025
394078
985916
26697
112179
3595661
769273
610135
436814
651204
2611308
138902
593719
462400
1683978
1480578
2651115
5097377
428292
